"vid","hs","ag","ex","co","em","op"
"SELTCAWRS_t1_v1",5.6,1.8,2.6,2,2.2,1.8
"SELTCAWRS_t1_v2",5.8,4.6,6,5.8,6.2,5.6
"SELTCAWRS_t1_v3",6,1.8,1.6,1.6,1.2,2
"SELTCAWRS_t1_v4",5.8,6,4,5.8,6.4,5.4
"SELTCAWRS_t1_v5",5.6,5.2,4.4,5.8,6.6,4.6
"SELTCAWRS_t1_v6",6.4,1.6,2,1.2,1.6,1.8
"SELTCAWRS_t1_v7",6,6.2,4.6,5.8,6.4,5.4
"SELTCAWRS_t1_v8",6.2,1.8,1.6,1.2,1.2,1.6
"SELTCAWRS_t10_v3",6.6,1.2,1.2,1.2,1.2,2
"SELTCAWRS_t10_v4",6.6,6.4,6.2,6.6,6.6,6.2
"SELTCAWRS_t10_v5",6.6,6.2,6.6,6.8,6.8,5.8
"SELTCAWRS_t10_v6",7,1,1,1,1,1
"SELTCAWRS_t10_v8",6.8,1.2,1,1,1,1.2
"SELTCAWRS_t100_v1",6,1.4,3,1.4,1.4,1.6
"SELTCAWRS_t100_v2",6.2,6.2,6,6,6.2,6.2
"SELTCAWRS_t100_v3",6,1.6,1.4,1.6,1.2,2
"SELTCAWRS_t100_v4",6.4,6.2,6.4,6.4,6.2,6.4
"SELTCAWRS_t100_v5",6.4,6.2,6.2,6.6,6.6,6.4
"SELTCAWRS_t100_v6",6.6,1.2,1.4,1.4,1.4,1.2
"SELTCAWRS_t100_v7",6.2,6,6,6.4,6.4,6.2
"SELTCAWRS_t100_v8",6.2,1.4,1.2,1.6,1.2,2
"SELTCAWRS_t101_v1",4.2,3.6,1.2,1.8,3.6,3.8
"SELTCAWRS_t101_v2",3.8,3.6,6,4.8,4,4.2
"SELTCAWRS_t101_v3",4.4,3.8,1.6,1.8,2.2,3.2
"SELTCAWRS_t101_v4",4,5,5.4,5.4,4,4.6
"SELTCAWRS_t101_v5",4.2,3.8,5.8,5.8,4.6,5
"SELTCAWRS_t101_v6",3.6,4.2,1.8,2,4.8,3.8
"SELTCAWRS_t101_v7",4,4.2,5.2,5.6,3.8,4.2
"SELTCAWRS_t101_v8",5.25,3,1.5,1.75,1.5,2.25
"SELTCAWRS_t102_v1",4.8,2.4,2.4,2,2.4,2.4
"SELTCAWRS_t102_v2",5,4,5.8,5.6,5,4.8
"SELTCAWRS_t102_v3",4.4,3,2,2,1.6,1.8
"SELTCAWRS_t102_v4",5,5.8,5.8,5.6,5.8,5.4
"SELTCAWRS_t102_v5",4.4,4.4,5.8,5.8,5.4,5.2
"SELTCAWRS_t102_v6",4.6,1.8,2,1.6,1.8,2
"SELTCAWRS_t102_v7",4.6,4.8,5.6,5.4,5.6,5.2
"SELTCAWRS_t102_v8",5,3.2,1.6,2.2,1.6,2.6
"SELTCAWRS_t103_v1",4.75,1.5,3.75,1.75,2,2.75
"SELTCAWRS_t103_v2",5.4,4.6,5.6,6,5.6,5.6
"SELTCAWRS_t103_v3",5,2.2,1.8,2,1.6,2.4
"SELTCAWRS_t103_v4",5.6,6,4.6,5.8,6,5.6
"SELTCAWRS_t103_v5",5.6,5.2,5,5.8,5.6,4.4
"SELTCAWRS_t103_v6",5.8,2.2,2.4,1.4,2.4,2.4
"SELTCAWRS_t103_v7",6,6,5.2,6.2,5.8,6.2
"SELTCAWRS_t103_v8",6.25,1.75,1.25,1.5,1.25,2.5
"SELTCAWRS_t105_v1",5.6,1.8,2.8,1.6,2.4,1.6
"SELTCAWRS_t105_v2",5.2,4.8,5.4,6,5.8,4.8
"SELTCAWRS_t105_v3",5.2,2.6,1.2,2,1.2,3.2
"SELTCAWRS_t105_v4",5.6,5.6,5.4,5.6,6,4.6
"SELTCAWRS_t105_v5",5.25,5,5,5.75,5,4.75
"SELTCAWRS_t105_v6",6,1.4,3.4,1.6,1.2,1.6
"SELTCAWRS_t105_v7",5.8,6,4.8,5.8,6,5
"SELTCAWRS_t105_v8",6,2,1,1.5,1,3.25
"SELTCAWRS_t106_v1",5,1.6,5,1.6,2.6,2
"SELTCAWRS_t106_v2",5.8,5,5.8,6,5,5.2
"SELTCAWRS_t106_v3",5.8,1.4,1.6,1.4,1.6,1.8
"SELTCAWRS_t106_v4",5.4,5.6,4.8,5.4,5.8,5.2
"SELTCAWRS_t106_v5",5.2,5.2,4.6,5.8,5.4,5.6
"SELTCAWRS_t106_v6",6,1.4,3,1,1.8,1.6
"SELTCAWRS_t106_v7",6,6,4.8,6,6,6
"SELTCAWRS_t106_v8",6.4,1.6,1.2,1.4,1.2,1.6
"SELTCAWRS_t107_v1",5,1.2,3.4,1.4,1.8,2.6
"SELTCAWRS_t107_v7",5.8,5.8,4.6,5.8,6,5.8
"SELTCAWRS_t108_v1",4.8,1.4,3.8,2,2.2,2.8
"SELTCAWRS_t108_v2",5.2,4.8,5.6,6.2,4.2,5.8
"SELTCAWRS_t108_v3",4,1.6,1.2,3.8,3.2,3.6
"SELTCAWRS_t108_v4",5.6,6,5.8,5.6,4.8,5.6
"SELTCAWRS_t108_v5",4.8,4.8,5.2,5.8,4,5.4
"SELTCAWRS_t108_v6",5,2.6,2.6,2.2,2.6,3
"SELTCAWRS_t108_v7",5.6,6,5.8,6,4.6,6.2
"SELTCAWRS_t108_v8",5.2,1.6,1.2,2.4,3.6,3
"SELTCAWRS_t109_v1",4.8,3.4,1.6,1.8,4.2,3.6
"SELTCAWRS_t109_v2",4.8,3.6,6.8,6,3.8,6
"SELTCAWRS_t109_v3",6,2.4,1.2,1.4,1.2,1.6
"SELTCAWRS_t109_v4",5.6,5.8,5.2,5.8,5.2,5.4
"SELTCAWRS_t109_v5",5.4,4.8,6,6,5,4.8
"SELTCAWRS_t109_v6",5,2.6,1.8,1.4,3,2.4
"SELTCAWRS_t109_v7",6.4,6.4,5.8,6.4,5.8,6.4
"SELTCAWRS_t109_v8",6.4,1.8,1.2,1.6,1.4,2
"SELTCAWRS_t11_v1",4.8,2.4,3,2.4,3,2.8
"SELTCAWRS_t11_v2",5,3,5.8,5.4,4.4,4.6
"SELTCAWRS_t11_v3",5.6,2.4,1.6,2,1.6,2
"SELTCAWRS_t11_v4",6,6.2,6.2,6,6,6
"SELTCAWRS_t11_v5",3.8,3.8,4.2,4.2,5.4,3.6
"SELTCAWRS_t11_v6",3.4,2.4,4.2,3.6,2.6,4.4
"SELTCAWRS_t11_v7",5.2,5.4,4.4,5.8,5.2,5.6
"SELTCAWRS_t11_v8",5.4,2,1.4,1.8,1.4,2.2
"SELTCAWRS_t110_v1",6.2,1.2,2,1.4,1.4,1.6
"SELTCAWRS_t110_v2",6.2,6,6,6.8,6.6,5.6
"SELTCAWRS_t110_v3",6.2,1.4,2,1.4,1.2,2.4
"SELTCAWRS_t110_v4",6.2,6.4,5.4,6.6,6.6,5.4
"SELTCAWRS_t110_v5",6,5.8,5,6.2,6.4,5.6
"SELTCAWRS_t110_v6",6.4,1.2,2.4,1.2,1.2,1.2
"SELTCAWRS_t110_v7",6,5.8,4.8,5.8,6,5.6
"SELTCAWRS_t110_v8",6.4,1.2,1.6,1.2,1.2,2.4
"SELTCAWRS_t111_v1",4.2,3,1.6,2.4,3.8,2.8
"SELTCAWRS_t111_v2",6.2,4.8,6.4,6.4,5.2,6.6
"SELTCAWRS_t111_v3",6.2,1.4,1.2,1.4,1.2,1.8
"SELTCAWRS_t111_v4",6.2,6.2,5.8,6.2,5.2,6.2
"SELTCAWRS_t111_v5",5.8,5,6.2,6,5.4,6
"SELTCAWRS_t111_v6",5.8,2,2.4,1.2,3,1.4
"SELTCAWRS_t111_v7",6,5.4,6,6.4,5.4,6.2
"SELTCAWRS_t111_v8",6.25,1.25,1.25,1.75,1.25,1.75
"SELTCAWRS_t112_v1",5.4,1.4,1.8,1.6,2.2,1.6
"SELTCAWRS_t112_v2",5.8,4.6,6.2,6,4.8,5.8
"SELTCAWRS_t112_v4",5.4,6.2,6,6,5,5.4
"SELTCAWRS_t112_v7",5.6,5.8,6.6,6.2,5,5.8
"SELTCAWRS_t112_v8",6,2.2,1.2,1.6,1.4,1.6
"SELTCAWRS_t113_v1",1.4,5.4,2.4,5.4,5.2,5.2
"SELTCAWRS_t113_v2",2,1.4,4.8,2.2,4.6,2.6
"SELTCAWRS_t113_v3",1.6,4.6,1.4,5,3.2,5.6
"SELTCAWRS_t113_v4",1.8,1.4,3.4,1.8,3.4,2.2
"SELTCAWRS_t113_v7",3,4.4,4.2,3.8,4.4,3.8
"SELTCAWRS_t113_v8",2,3.6,1.2,4.4,3.2,4.2
"SELTCAWRS_t114_v1",4.75,1,3.75,1.5,1,2.75
"SELTCAWRS_t114_v2",5.6,5.2,5.8,6,5.4,5
"SELTCAWRS_t114_v3",4.6,1.8,1.6,2.4,2.2,2.6
"SELTCAWRS_t114_v4",4.6,5.6,4.6,4.8,5.2,5.6
"SELTCAWRS_t114_v5",5.6,4.6,5.6,5.8,5.4,5.8
"SELTCAWRS_t114_v6",5.4,2,3,1.4,2.2,2.6
"SELTCAWRS_t114_v7",5,5.6,4.6,4.8,6,5.2
"SELTCAWRS_t114_v8",4.8,1.8,1.2,2.4,1.8,3.4
"SELTCAWRS_t115_v1",4.6,2.6,2.6,1.4,2.6,2.6
"SELTCAWRS_t115_v2",6,5,6,6,5.4,5.8
"SELTCAWRS_t115_v3",6,1.6,1.2,1.6,1.6,1.6
"SELTCAWRS_t115_v4",5.6,5.8,5.8,6.2,5.8,5.8
"SELTCAWRS_t115_v5",5.8,5.2,5.6,5.8,5.4,5.6
"SELTCAWRS_t115_v6",5.8,1.4,2.4,1.4,2.2,2.2
"SELTCAWRS_t115_v7",5.6,5.6,5,6.2,6,5.6
"SELTCAWRS_t115_v8",5.8,1.2,1.4,1.8,1.2,2.2
"SELTCAWRS_t116_v1",6,1.4,1.2,1.6,2.2,2
"SELTCAWRS_t116_v2",6.8,5.6,6.4,6.6,5.8,6.6
"SELTCAWRS_t116_v3",6.6,1.2,1.2,1.2,1.2,1.6
"SELTCAWRS_t116_v4",6.6,6.6,6.2,6.6,6,6.4
"SELTCAWRS_t116_v5",6.8,6.6,6.6,6.8,6.6,6.8
"SELTCAWRS_t116_v6",6.8,1.2,1.4,1.2,1.8,1.2
"SELTCAWRS_t116_v7",6.8,6.8,6.6,6.8,6.2,6.8
"SELTCAWRS_t116_v8",5.8,1.2,1.2,1.4,1.2,1.4
"SELTCAWRS_t118_v1",2.8,3.6,2.4,3.4,3.2,4
"SELTCAWRS_t118_v2",4.8,4,5.8,5.2,5.4,5.4
"SELTCAWRS_t118_v3",4,3,2.2,2.6,1.6,3
"SELTCAWRS_t118_v4",4.6,5.4,4,5.2,5.8,4.6
"SELTCAWRS_t118_v5",5.2,4.6,4.8,5.6,5.4,5.2
"SELTCAWRS_t118_v6",5,2.6,2.4,1.8,2.4,2
"SELTCAWRS_t118_v7",5,5.4,5.4,5.8,5,5.4
"SELTCAWRS_t118_v8",3.8,4.2,2,2.4,1.2,3.4
"SELTCAWRS_t119_v1",5.2,1.6,3.2,1.6,2.2,1.6
"SELTCAWRS_t119_v2",6,5,6,6.2,5.4,5.2
"SELTCAWRS_t119_v3",6.4,1.8,1.2,1.4,1.4,1.8
"SELTCAWRS_t119_v4",6.6,6.8,6.2,6.4,6.4,6
"SELTCAWRS_t119_v5",6.6,6.2,6.4,6.6,6.6,6.4
"SELTCAWRS_t119_v6",6.2,2.2,1.6,1.4,2,1.4
"SELTCAWRS_t119_v7",6.4,6,6.8,6.6,6,6.6
"SELTCAWRS_t119_v8",6.6,1.2,1.2,1.2,1.2,1.2
"SELTCAWRS_t12_v1",6.4,1,2,1.2,1.2,1.6
"SELTCAWRS_t12_v2",4.8,4.4,4.2,5.4,5,5.2
"SELTCAWRS_t12_v3",5.2,2,2,1.8,1.6,2.6
"SELTCAWRS_t12_v4",5.2,5.8,4,4.8,5.2,5
"SELTCAWRS_t12_v5",6,6,5,6.4,6.2,5.8
"SELTCAWRS_t12_v6",6.6,1,2.2,1,1,1.4
"SELTCAWRS_t12_v7",5.8,6.4,4.2,6.4,6.6,6
"SELTCAWRS_t12_v8",6,1.2,1,1.6,1.2,1.8
"SELTCAWRS_t120_v1",5.2,2,2.4,2,2.2,1.6
"SELTCAWRS_t120_v2",4.75,3.5,5.75,5.5,4.5,5.5
"SELTCAWRS_t120_v3",5.8,2,1.2,2,1.2,1.8
"SELTCAWRS_t120_v4",5.8,5.6,5.8,6,5.6,5.6
"SELTCAWRS_t120_v5",4.6,4.4,5,5.2,4.8,4.8
"SELTCAWRS_t120_v6",5.2,2.8,3,1.8,2.8,1.4
"SELTCAWRS_t120_v7",5.8,6,6,6.2,5.2,5.8
"SELTCAWRS_t120_v8",5.6,2.2,1.2,2,1.2,2.2
"SELTCAWRS_t121_v1",5.6,1.4,3.2,1.4,1.8,1.6
"SELTCAWRS_t121_v2",5,5,6,5.6,5,5.4
"SELTCAWRS_t121_v3",6,1.4,1.2,1.4,1.2,1.6
"SELTCAWRS_t121_v4",5,5.4,4.8,5.2,4.6,4
"SELTCAWRS_t121_v5",6,5.4,5.6,6,6,6
"SELTCAWRS_t121_v6",5.4,1.6,4,1.4,2,1.6
"SELTCAWRS_t121_v7",5.2,6,5.6,5.8,5.4,5.8
"SELTCAWRS_t121_v8",5.8,1.4,1.2,1.6,1.2,1.8
"SELTCAWRS_t122_v1",4,2.6,3.2,1.8,3,4
"SELTCAWRS_t122_v2",5,4.2,6.2,6,4.4,5
"SELTCAWRS_t122_v3",3.6,2.6,1.4,2,2.8,2.8
"SELTCAWRS_t122_v4",4.2,5,4.8,4.8,4,4.4
"SELTCAWRS_t122_v5",5.6,4.8,5.8,6,4.6,5.6
"SELTCAWRS_t122_v6",4.2,2.8,2,1.4,2.8,2.6
"SELTCAWRS_t122_v7",5.6,5.8,5.6,5.8,5.4,6
"SELTCAWRS_t122_v8",5.2,1.6,2.2,2,2.2,2
"SELTCAWRS_t123_v1",5.2,1.4,2.2,1.6,1.2,2.2
"SELTCAWRS_t123_v2",5.8,5.2,5.8,6.2,5.4,5.8
"SELTCAWRS_t123_v3",6,1.4,1.6,1.4,2.4,2.2
"SELTCAWRS_t123_v4",6.2,6.2,6,6.4,6,6.4
"SELTCAWRS_t123_v5",6.2,5.4,5.8,6.2,5.4,6.2
"SELTCAWRS_t123_v6",6.4,1.8,1.8,1.4,1.8,1.6
"SELTCAWRS_t123_v7",6.6,6.2,6.2,6.2,6.2,6.4
"SELTCAWRS_t123_v8",6.4,1.2,1.2,1.6,1.2,2
"SELTCAWRS_t124_v1",4.6,1.2,3.6,1.8,1.8,3.2
"SELTCAWRS_t124_v2",5.25,5.5,5,6,6,5.5
"SELTCAWRS_t124_v3",5.8,1.8,1.6,1.4,1.8,2
"SELTCAWRS_t124_v4",5.2,5.6,4,4.4,5,4
"SELTCAWRS_t124_v5",5,4.6,4.2,5.8,5,4.4
"SELTCAWRS_t124_v6",5.4,1.4,3.2,1.6,2,2.4
"SELTCAWRS_t124_v7",5.6,5.6,5.2,5.6,5.6,5.6
"SELTCAWRS_t124_v8",5.8,1.6,1.6,1.8,1.2,2
"SELTCAWRS_t125_v1",5.6,1.8,1.8,1.4,2.6,1.8
"SELTCAWRS_t125_v2",6,5.2,6,6.2,5.6,6.2
"SELTCAWRS_t125_v3",6.2,1.8,1.2,1.2,1.2,2
"SELTCAWRS_t125_v4",6,6,5.8,6,4.8,5.6
"SELTCAWRS_t125_v5",5.8,5,6,6,5.2,5.8
"SELTCAWRS_t125_v6",6,2.2,1.2,1.2,2,2.2
"SELTCAWRS_t125_v7",5.8,4.8,6.2,6,5.2,6
"SELTCAWRS_t125_v8",6,1.8,1.2,1.6,1.2,1.8
"SELTCAWRS_t126_v1",4.2,2.4,4,1.6,3.2,2.8
"SELTCAWRS_t126_v3",5.6,1.6,2.4,1.6,2.2,2
"SELTCAWRS_t126_v4",6.25,6.25,6,6.25,6,6.25
"SELTCAWRS_t126_v5",5.5,4.5,4.25,5.75,5,5.5
"SELTCAWRS_t126_v6",5.8,2,3.4,1.2,2,1.8
"SELTCAWRS_t126_v7",5.4,4.8,6.2,5.8,5.6,6
"SELTCAWRS_t126_v8",6,1.8,1.6,1.4,1.4,1.6
"SELTCAWRS_t128_v2",5.2,4.8,5.2,5.4,5.4,5.2
"SELTCAWRS_t128_v3",5.2,2.4,2,2,2,2.4
"SELTCAWRS_t128_v4",4.8,4.8,4.4,4.6,5,4.6
"SELTCAWRS_t128_v5",4.6,4.8,4.6,5.2,4.8,4.2
"SELTCAWRS_t128_v6",5.2,2,2.8,1.6,1.6,2.2
"SELTCAWRS_t128_v8",5.25,1.75,2,1.5,1.5,2.25
"SELTCAWRS_t129_v1",3.8,3.6,2.8,1.8,3.2,2.8
"SELTCAWRS_t129_v2",4,3.4,3.8,5,4,3.8
"SELTCAWRS_t129_v3",4.2,2.8,2.4,1.8,2.4,3.6
"SELTCAWRS_t129_v4",2.8,3.6,4.2,3.4,3.8,3.4
"SELTCAWRS_t129_v6",3,4,3,2.2,4.6,4.6
"SELTCAWRS_t129_v7",3.5,3.75,5,4,4.5,3.75
"SELTCAWRS_t129_v8",4.75,2.75,1.75,2.25,1.75,3.25
"SELTCAWRS_t13_v1",3.6,2.6,3.6,3.2,2.6,4.8
"SELTCAWRS_t13_v2",4.6,3.8,4.6,5,4.6,5
"SELTCAWRS_t13_v3",5,3,2,2,2.4,2.6
"SELTCAWRS_t13_v4",5.2,6,5,5.8,6,5.2
"SELTCAWRS_t13_v5",5.4,5,5.2,5.6,5.4,5.2
"SELTCAWRS_t13_v6",3.6,2.6,3.8,4,2.2,3.8
"SELTCAWRS_t13_v7",5.4,5.8,4.8,5.2,5,5.8
"SELTCAWRS_t13_v8",5.4,1.2,1.8,1.6,2.6,1.8
"SELTCAWRS_t130_v2",5.8,4.8,6,6.4,5,5.6
"SELTCAWRS_t130_v3",5.2,2.4,1.4,1.4,1.4,2.6
"SELTCAWRS_t130_v4",6,5.8,5.6,6,5.4,5.8
"SELTCAWRS_t130_v5",5.6,5,6.2,6.4,5.2,5
"SELTCAWRS_t130_v6",6.2,1.2,1.4,1.2,1.8,1.2
"SELTCAWRS_t130_v7",6,6,6.4,6.6,5.4,6.2
"SELTCAWRS_t130_v8",6,1.6,1.2,1.6,1.2,1.8
"SELTCAWRS_t131_v1",4.4,2.2,2.2,2,2.2,3
"SELTCAWRS_t131_v2",5,4.8,5.2,5.6,5.4,5.2
"SELTCAWRS_t131_v3",5.4,1.6,1.4,1.6,1.4,2.6
"SELTCAWRS_t131_v4",4.8,5.2,4.6,5.2,5.4,5.2
"SELTCAWRS_t131_v5",5.6,5,5.2,6,5.2,5.4
"SELTCAWRS_t131_v6",6,1.4,2.4,1.4,1.6,1.6
"SELTCAWRS_t131_v7",5.4,5.6,4.8,5.4,5.2,5.4
"SELTCAWRS_t131_v8",6,1.8,1.8,1.4,1.6,1.6
"SELTCAWRS_t132_v1",6,1.4,2.4,1.4,1.6,2
"SELTCAWRS_t132_v2",6,5.4,5.8,6.2,5.8,5.4
"SELTCAWRS_t132_v3",6.6,1.2,1.2,1.4,1.2,1.6
"SELTCAWRS_t132_v4",6,6.6,4,6.2,6.2,5.6
"SELTCAWRS_t132_v5",5.8,5.6,5.8,6.2,6.4,5.4
"SELTCAWRS_t132_v6",6.4,1.2,1.6,1.2,1.6,1.6
"SELTCAWRS_t132_v7",6.4,6.2,6.4,6.4,5.8,6.2
"SELTCAWRS_t132_v8",6,1.2,1.2,1.4,1.2,1.6
"SELTCAWRS_t133_v1",5.2,2.6,3,2,3,2.2
"SELTCAWRS_t133_v2",5.4,4.8,5.6,6.2,4.8,5.8
"SELTCAWRS_t133_v3",6,1.6,1.4,1.6,1.4,1.6
"SELTCAWRS_t133_v4",5.8,5.8,5.4,6,5.8,5.8
"SELTCAWRS_t133_v5",5.6,4.8,6,6.2,4.8,5.8
"SELTCAWRS_t133_v6",5.6,1.8,2,1.6,2.2,2
"SELTCAWRS_t133_v7",6.2,6.2,6.2,6.2,5.8,6.2
"SELTCAWRS_t133_v8",6.4,1.6,1.2,1.8,1.2,1.8
"SELTCAWRS_t134_v1",5,2.4,1.8,1.8,2.8,2.8
"SELTCAWRS_t134_v2",6.4,5.8,6,6.4,6.4,5.6
"SELTCAWRS_t134_v3",5.6,2,1.4,1.6,1.2,2.2
"SELTCAWRS_t134_v4",5.4,5.8,4.8,5.6,5.8,5.4
"SELTCAWRS_t134_v5",5,5.2,4.6,5.8,5.8,5
"SELTCAWRS_t134_v6",5.5,1.5,2.75,1.25,1.25,1.75
"SELTCAWRS_t134_v7",5.8,6,5,6,5.8,6
"SELTCAWRS_t134_v8",5.6,1.4,1.2,1.2,1.2,2
"SELTCAWRS_t135_v1",6,1.6,2.4,1.6,1.6,1.4
"SELTCAWRS_t135_v2",6,5,6.2,6.4,5.6,6.2
"SELTCAWRS_t135_v3",5.8,2,1.2,1.2,1.2,1.8
"SELTCAWRS_t135_v4",5.6,6,5.8,6.4,5.8,6.2
"SELTCAWRS_t135_v5",6,4.8,6,6,5.4,5.6
"SELTCAWRS_t135_v6",6,1.8,2.6,1.4,1.6,1.4
"SELTCAWRS_t135_v7",6.2,6.2,5.6,6.4,6,6.2
"SELTCAWRS_t135_v8",6,2,1.2,1.2,1.2,1.8
"SELTCAWRS_t136_v1",5.4,1.4,2.2,1.4,1.4,2
"SELTCAWRS_t136_v2",5.8,5.6,5.4,6,6,5.4
"SELTCAWRS_t136_v3",5.8,1.6,1.6,1.4,1.6,2.4
"SELTCAWRS_t136_v4",5.6,5.6,4.4,5.8,5.8,5.8
"SELTCAWRS_t136_v5",6,4.8,5.6,6.2,5.2,5.6
"SELTCAWRS_t136_v6",6,1.4,2.4,1.4,1.2,1.6
"SELTCAWRS_t136_v7",6,6,5.6,6,5.4,6
"SELTCAWRS_t136_v8",6.2,1.4,1.4,1.2,1.2,1.8
"SELTCAWRS_t137_v1",6,1.8,2,1.6,2,1.6
"SELTCAWRS_t137_v2",5.6,5,5.8,6.2,5.6,5.2
"SELTCAWRS_t137_v3",6,2,1.4,1.6,1.4,2
"SELTCAWRS_t137_v4",6,6.4,5.8,6.4,5.6,5.8
"SELTCAWRS_t137_v5",5.8,5.2,6,6.4,6,6
"SELTCAWRS_t137_v6",6.2,1.4,1.4,1.2,1.4,1.4
"SELTCAWRS_t137_v7",6.2,6.2,6,6.4,6,6.2
"SELTCAWRS_t137_v8",6.2,2,1.2,1.4,1.2,1.6
"SELTCAWRS_t14_v1",5,2.6,2.2,2.6,3.2,2
"SELTCAWRS_t14_v2",6,5.25,6,6,6,5.5
"SELTCAWRS_t14_v3",5,3,1.2,2,1.6,3
"SELTCAWRS_t14_v4",6,5.8,6,6.4,6,5.8
"SELTCAWRS_t14_v5",5.4,4.4,5.6,5.4,4.6,5.6
"SELTCAWRS_t14_v7",5.8,5.4,6.6,6.4,4.4,5.6
"SELTCAWRS_t14_v8",5.4,2.4,1.2,2,1.4,2.6
"SELTCAWRS_t140_v1",5.4,2,2.6,1.8,1.8,2.2
"SELTCAWRS_t140_v2",5.6,5,6,6.2,5.2,5.6
"SELTCAWRS_t140_v3",5.8,1.8,1.4,1.8,1.4,2.2
"SELTCAWRS_t140_v4",5.8,5.8,5.6,6,6,5.8
"SELTCAWRS_t140_v5",5.6,5,5.6,5.8,5.6,5.4
"SELTCAWRS_t140_v6",5.8,1.6,2.2,1.6,1.6,3
"SELTCAWRS_t140_v7",5.8,6,5.6,6,5.2,6
"SELTCAWRS_t140_v8",5.8,1.8,1.4,2,1.4,1.8
"SELTCAWRS_t142_v1",3.8,1.6,3.8,2.2,1.2,3.8
"SELTCAWRS_t142_v2",2.6,4.2,3.2,5.2,4.8,4.4
"SELTCAWRS_t142_v3",3.4,1.6,2.4,3,2.4,2.6
"SELTCAWRS_t142_v4",4,5.2,4.2,4.6,5.2,5.2
"SELTCAWRS_t142_v5",3,4.2,2.6,4.4,4.8,4.2
"SELTCAWRS_t142_v6",4,1.4,4.6,2.2,1.2,3.4
"SELTCAWRS_t142_v7",3.6,4.6,3.6,3.6,5.2,4.6
"SELTCAWRS_t142_v8",3.8,1.4,1.4,2.8,1.8,2.6
"SELTCAWRS_t143_v1",5.6,1.4,3.6,1.6,1.8,2.2
"SELTCAWRS_t143_v2",4.8,4.6,4.6,5.4,5.2,4.8
"SELTCAWRS_t143_v3",5,2.8,2.8,1.8,2,3
"SELTCAWRS_t143_v4",5.4,5.8,4.4,5.6,5.6,5.4
"SELTCAWRS_t143_v5",5.4,5.2,4.4,5.8,5.6,5.2
"SELTCAWRS_t143_v6",5,1,5.25,1,1,2.25
"SELTCAWRS_t143_v7",5.8,5.8,5.4,6.2,6,6
"SELTCAWRS_t143_v8",5.4,1.6,2.4,1.4,1.4,2.2
"SELTCAWRS_t144_v1",5,2.2,2,1.6,1.4,2.4
"SELTCAWRS_t144_v2",5.6,4.2,5.6,6,4.6,5.2
"SELTCAWRS_t144_v3",5.4,2.6,2,2.2,1.8,3
"SELTCAWRS_t144_v4",4.2,4.6,5,4.4,3.6,4.2
"SELTCAWRS_t144_v5",4.4,3.4,4.8,5.6,4,4.4
"SELTCAWRS_t144_v6",4.6,2.8,3.6,1.6,2.6,2.8
"SELTCAWRS_t144_v7",5.4,6,5.4,5.8,5.8,5.4
"SELTCAWRS_t144_v8",5.6,1.8,1.4,1.6,2.4,2.2
"SELTCAWRS_t145_v1",5.8,1.4,1.8,1.4,1.6,1.6
"SELTCAWRS_t145_v2",5.8,5.2,5.6,5.6,5.4,5.8
"SELTCAWRS_t145_v3",6.4,1.8,1.2,1.2,1.2,1.8
"SELTCAWRS_t145_v4",6,6,5.6,6.2,6,6
"SELTCAWRS_t145_v5",6,5.2,6,6,5.8,5.8
"SELTCAWRS_t145_v6",6.2,1.4,2.8,1.2,1.4,1.6
"SELTCAWRS_t145_v7",6.2,6.2,5.8,6.4,6.4,6
"SELTCAWRS_t145_v8",6,1.4,1.2,1.4,1.2,1.8
"SELTCAWRS_t146_v1",5.4,2.2,2.2,1.8,3.4,1.8
"SELTCAWRS_t146_v2",6,4.8,6,6.4,5.4,6.4
"SELTCAWRS_t146_v3",6.2,2,1.4,1.4,1.2,1.8
"SELTCAWRS_t146_v4",6.2,6.2,6,6.2,6,6.2
"SELTCAWRS_t146_v5",6,4.2,5,5.4,4.6,5.2
"SELTCAWRS_t146_v6",4.6,3.2,2.8,2,3,1.6
"SELTCAWRS_t146_v7",5.8,5.2,6.2,6.2,5.6,5.8
"SELTCAWRS_t146_v8",5.8,1.8,1.2,1.8,1.2,2.2
"SELTCAWRS_t147_v1",5.6,2,2.2,1.6,1.8,2
"SELTCAWRS_t147_v2",5.4,5.2,5.2,5.6,6,5.4
"SELTCAWRS_t147_v3",6,1.6,1.6,2.2,1.6,2
"SELTCAWRS_t147_v4",5.6,6,5,5.8,5.8,5.4
"SELTCAWRS_t147_v5",5.4,4.6,4.8,5.8,5.2,5.4
"SELTCAWRS_t147_v6",4.2,2.2,2.8,2.2,3,2.2
"SELTCAWRS_t147_v8",5.2,2.6,1.6,2,1.4,3.4
"SELTCAWRS_t150_v1",5.5,1.5,3.5,1.75,3,2
"SELTCAWRS_t150_v2",6.2,5.4,6.2,6.4,5.6,5.8
"SELTCAWRS_t150_v3",6,1.8,1.4,1.8,1.4,2.2
"SELTCAWRS_t150_v4",6,6,5.6,5.8,5.6,5.6
"SELTCAWRS_t150_v5",5.6,4.8,6,5.8,5.2,5.2
"SELTCAWRS_t150_v6",5.6,2.2,2.2,1.4,2,1.4
"SELTCAWRS_t150_v7",6,6,6,6.2,5.6,5.8
"SELTCAWRS_t150_v8",6,1.4,1.2,1.6,1.2,1.6
"SELTCAWRS_t151_v2",5.8,5.4,5.6,6.2,6.2,5.6
"SELTCAWRS_t151_v3",5.4,1.6,1.4,1.6,1.4,3.2
"SELTCAWRS_t151_v4",4.8,5.6,5.6,5.2,5,4.4
"SELTCAWRS_t151_v5",5.4,5,5.2,5.8,5,5
"SELTCAWRS_t151_v6",5.4,2.6,2.4,1.4,2.6,2
"SELTCAWRS_t151_v7",5.8,6,5.6,6,5.4,5
"SELTCAWRS_t151_v8",6.2,1.4,1.2,1.4,1.2,2.4
"SELTCAWRS_t152_v1",5,1.8,2.8,1.8,2.2,2.6
"SELTCAWRS_t152_v2",5.2,4.4,4.8,5.6,4.6,5.2
"SELTCAWRS_t152_v3",4.6,2.6,2,2,2,3.6
"SELTCAWRS_t152_v4",5,5.4,4.8,5.2,4.4,4.8
"SELTCAWRS_t152_v5",3.4,3,3.6,3.4,4,3.4
"SELTCAWRS_t152_v6",2.4,3.6,4,4,3.6,4.4
"SELTCAWRS_t152_v7",3.6,5,4.2,5.2,3.2,3.8
"SELTCAWRS_t152_v8",4,2.4,2.4,2.8,3,3.4
"SELTCAWRS_t153_v1",5.4,1.8,2.2,1.6,3,2
"SELTCAWRS_t153_v2",5.2,3.8,5.4,5.8,4.6,5.4
"SELTCAWRS_t153_v3",5.8,2.8,1.2,1.8,1.2,2
"SELTCAWRS_t153_v4",5.6,5.8,5.4,6,5.4,5.2
"SELTCAWRS_t153_v6",5.8,2.8,1.6,1.6,2.8,1.8
"SELTCAWRS_t153_v7",6.2,6,6,6.2,5.8,6
"SELTCAWRS_t153_v8",5.8,2.8,1.2,1.6,1.2,2.4
"SELTCAWRS_t155_v1",5.2,1.8,3.4,1.6,2,1.8
"SELTCAWRS_t155_v2",5.2,4.4,4.4,5.6,5,4.6
"SELTCAWRS_t155_v3",4.8,2.6,2,2,1.8,3.2
"SELTCAWRS_t155_v4",4.2,5.4,4,3.8,3.8,4
"SELTCAWRS_t155_v5",5.6,4.8,5.6,5.8,5,4.8
"SELTCAWRS_t155_v6",5.2,2.4,1.6,1.4,2.4,2.4
"SELTCAWRS_t155_v7",5,4.8,4.2,5.2,4.8,5
"SELTCAWRS_t155_v8",5.4,1.8,2,2,1.8,2.8
"SELTCAWRS_t156_v2",5.2,4.8,5.2,6,5.2,4.4
"SELTCAWRS_t156_v3",4,2.2,1.8,2,2.4,3.8
"SELTCAWRS_t156_v4",5,5.6,4.8,5.8,5.2,4.8
"SELTCAWRS_t156_v5",4.6,4.8,5,5.6,5,3.8
"SELTCAWRS_t156_v6",4.6,2,3.4,2.4,2,2
"SELTCAWRS_t156_v7",5,5.4,5.2,5.6,5,4.8
"SELTCAWRS_t156_v8",4.4,2,1.4,2,1.4,3.4
"SELTCAWRS_t157_v2",5.6,5.4,5.4,6,6,5
"SELTCAWRS_t157_v3",5.4,3.2,1.4,1.8,1.2,2.2
"SELTCAWRS_t157_v4",5.8,5.8,5.8,5.8,6,5.2
"SELTCAWRS_t157_v5",5.6,4.6,5.4,5.6,5.6,5
"SELTCAWRS_t157_v6",5.4,1.8,1.8,1.8,2.6,1.8
"SELTCAWRS_t157_v7",5.8,5.8,6.4,6.2,4.8,5.8
"SELTCAWRS_t157_v8",5.25,3.25,1.5,2.25,1.25,2.5
"SELTCAWRS_t158_v1",4.6,3,2,2,3.2,1.8
"SELTCAWRS_t158_v2",5.6,4.6,5.6,6.4,5.8,5.2
"SELTCAWRS_t158_v3",5.6,1.6,1.4,1.6,2,2.4
"SELTCAWRS_t158_v4",6.2,6.4,6.4,6.4,5.8,5.8
"SELTCAWRS_t158_v5",5.8,5.2,6,6.4,5.6,5.4
"SELTCAWRS_t158_v6",6,1.8,2.8,1.4,2.2,1.4
"SELTCAWRS_t158_v7",4,4.2,4.8,4.8,4.6,4.4
"SELTCAWRS_t158_v8",5.8,2.2,1.4,2,1.2,2.6
"SELTCAWRS_t159_v1",4.4,2.4,3.4,1.4,2.2,1.4
"SELTCAWRS_t159_v2",5.8,4.8,5.6,6.2,5.2,5.4
"SELTCAWRS_t159_v3",6.2,1.6,1.6,1.8,1.6,2
"SELTCAWRS_t159_v4",5.6,6,5.4,5.6,5.2,5.6
"SELTCAWRS_t159_v5",5.75,5.75,5.25,6,4.75,5.75
"SELTCAWRS_t159_v6",5.4,1.8,3.6,1.2,2,1.8
"SELTCAWRS_t159_v7",6,6.2,5.6,6.2,5.4,5.8
"SELTCAWRS_t159_v8",5.8,1.6,1.4,1.6,1.2,2.6
"SELTCAWRS_t16_v1",2.6,2.2,5.2,2.8,3,4.4
"SELTCAWRS_t16_v2",4,3.2,3.6,4.4,4.6,4.4
"SELTCAWRS_t16_v3",4,3,3.6,2.6,2,3
"SELTCAWRS_t16_v4",4.4,5.6,3.6,4.8,5.2,4.8
"SELTCAWRS_t16_v5",3.6,3.6,2.6,4.8,4.8,3.8
"SELTCAWRS_t16_v6",3.6,2.6,4.6,2.8,2.4,3.6
"SELTCAWRS_t16_v7",4.8,5.6,4.6,4.6,4.6,5.4
"SELTCAWRS_t16_v8",4.6,2.8,2.4,2.4,1.8,2.8
"SELTCAWRS_t160_v1",3.4,4.4,4.2,2.4,3.6,3.2
"SELTCAWRS_t160_v2",5.4,4.6,5.6,5.8,5.2,5.6
"SELTCAWRS_t160_v3",5.2,2,2.2,1.6,2.2,2.2
"SELTCAWRS_t160_v4",5.8,5.8,6,6,5.4,5.8
"SELTCAWRS_t160_v5",6,4.8,5.6,6.2,5.8,5.8
"SELTCAWRS_t160_v6",4.6,2.6,2.6,1.6,3.6,2.2
"SELTCAWRS_t160_v7",6,5.8,6.2,6.2,5.4,6.2
"SELTCAWRS_t160_v8",5.4,2.4,1.2,1.6,1.2,2.6
"SELTCAWRS_t161_v1",4.8,3.2,2,2,3.8,2.6
"SELTCAWRS_t161_v2",3.8,4.2,6.4,5.2,5.2,5
"SELTCAWRS_t161_v3",5.2,1.6,1.4,2.4,1.8,2.2
"SELTCAWRS_t161_v4",5.6,6,6.2,6.2,5.2,5.6
"SELTCAWRS_t161_v5",5.8,4.8,6.2,6.4,5.8,6
"SELTCAWRS_t161_v6",5.4,2.8,2,1.6,3,2.2
"SELTCAWRS_t161_v7",5.8,6,6.2,4.8,5.2,6
"SELTCAWRS_t161_v8",6,1.4,1.2,1.6,1.2,1.6
"SELTCAWRS_t162_v1",5.6,2,3.4,1.6,2.6,2.2
"SELTCAWRS_t162_v2",6.2,4.8,6.2,6.2,5.2,5.6
"SELTCAWRS_t162_v3",5.8,1.8,1.2,1.4,1.8,2.2
"SELTCAWRS_t162_v4",6.6,6.8,5.8,6.6,6.2,5.8
"SELTCAWRS_t162_v5",5.8,5,6.8,6.2,5.8,5.8
"SELTCAWRS_t162_v6",6.2,1.4,2,1.4,1.4,1.2
"SELTCAWRS_t162_v7",6.4,6.2,6,6.6,5.8,6.2
"SELTCAWRS_t162_v8",6.6,1.2,1.2,1.2,1.2,1.2
"SELTCAWRS_t163_v2",5.2,5.4,5,5.8,5,5.4
"SELTCAWRS_t163_v3",5,2.6,3.8,3.6,3.8,3.6
"SELTCAWRS_t163_v4",5.4,5.8,4.8,5.8,4.8,5.6
"SELTCAWRS_t163_v5",5.6,5,5,5.6,4.8,5.2
"SELTCAWRS_t163_v6",5.6,1.4,2.6,1.6,1.8,2.2
"SELTCAWRS_t163_v7",5.4,5.6,4.6,6,5.2,5
"SELTCAWRS_t163_v8",5.8,1.2,2.2,1.8,2.2,2.2
"SELTCAWRS_t165_v1",5.6,1.8,2.2,1.6,2.4,1.8
"SELTCAWRS_t165_v2",5.8,5,6,6.2,5.4,5.2
"SELTCAWRS_t165_v3",6,1.6,1.4,1.8,1.4,2.4
"SELTCAWRS_t165_v4",5.8,6,5.8,6,5.2,5.4
"SELTCAWRS_t165_v5",5.8,5.2,5.8,6.2,5.4,5.6
"SELTCAWRS_t165_v6",4.8,2.8,2.2,1.6,3.2,2.2
"SELTCAWRS_t165_v7",5.6,5.8,6,6,5,5.8
"SELTCAWRS_t165_v8",5.4,2.2,1.4,1.8,1.4,2
"SELTCAWRS_t166_v1",6,1.6,2.8,1.4,1.4,1.8
"SELTCAWRS_t166_v2",6.2,5.2,6.2,6.4,5.6,6.2
"SELTCAWRS_t166_v3",5.8,1.4,1.2,1.6,1.8,2.2
"SELTCAWRS_t166_v4",6.6,6.6,6,6.6,6,6.2
"SELTCAWRS_t166_v5",6.2,5.6,6,6.4,5.8,6
"SELTCAWRS_t166_v6",4.8,1.8,3.8,1.8,2.8,1.6
"SELTCAWRS_t166_v7",6.4,6.4,6.4,6.4,5.8,6.2
"SELTCAWRS_t166_v8",6.2,1.4,1.2,1.6,1.8,1.8
"SELTCAWRS_t167_v1",5,2.4,3,2.4,2,2.4
"SELTCAWRS_t167_v2",5.6,5.2,5.8,5.8,5.2,5.4
"SELTCAWRS_t167_v3",5.2,1.8,1.8,2.4,2,2.4
"SELTCAWRS_t167_v4",5.4,5.8,5.4,5.4,5.4,4.8
"SELTCAWRS_t167_v5",5.4,4.6,5.4,5.4,5,5
"SELTCAWRS_t167_v6",4.8,2.6,3,2,2.6,2.2
"SELTCAWRS_t167_v7",5.8,6,5.8,5.8,5.4,5.8
"SELTCAWRS_t167_v8",4.6,2.6,1.8,2.2,1.8,3.6
"SELTCAWRS_t169_v2",6.4,5.8,6.2,6.4,6.2,6
"SELTCAWRS_t169_v3",6.4,1.4,1.2,1.2,1.2,1.6
"SELTCAWRS_t169_v4",6.6,6.6,6.4,6.6,6.4,6.2
"SELTCAWRS_t169_v5",6.4,5.6,6.4,6.6,6,6
"SELTCAWRS_t169_v6",6.4,1.2,2,1.2,1.8,1.2
"SELTCAWRS_t169_v7",6.6,6.6,6,6.6,6.6,6.4
"SELTCAWRS_t169_v8",6.6,1.2,1.2,1.2,1.2,1.2
"SELTCAWRS_t17_v2",6.6,3.6,6.6,6.8,5.4,5.4
"SELTCAWRS_t17_v3",6.8,1.6,1,1,1,2
"SELTCAWRS_t17_v4",6.6,6.6,6,6.6,6.6,6
"SELTCAWRS_t17_v5",6.2,5.4,5.6,6.4,6.4,4.8
"SELTCAWRS_t17_v6",6.8,1.2,1.8,1.2,1.2,1.4
"SELTCAWRS_t17_v7",6.6,6.6,6.2,6.8,6.8,6.2
"SELTCAWRS_t17_v8",6.8,1.2,1.2,1.2,1.2,1.2
"SELTCAWRS_t170_v1",5.2,1.6,2.8,1.6,2.6,2.6
"SELTCAWRS_t170_v4",6,6,5.4,6,5.6,5.8
"SELTCAWRS_t170_v6",5.4,2.4,3.2,1.8,3.2,2.6
"SELTCAWRS_t170_v7",6.4,6.2,6.2,6.2,6.2,6.2
"SELTCAWRS_t171_v1",4.2,3,3.8,2.2,3.4,2.6
"SELTCAWRS_t171_v2",5.4,5,5.2,5.6,5.6,5.4
"SELTCAWRS_t171_v3",4.6,2.4,2,2.6,2.6,2.6
"SELTCAWRS_t171_v4",5.4,6,5.4,6,5.4,4.8
"SELTCAWRS_t171_v5",4.8,4.6,4.4,5.4,5.4,4.4
"SELTCAWRS_t171_v6",4.8,2.4,4.8,2.2,2.4,2.4
"SELTCAWRS_t171_v7",5.6,6,5.4,6,5.4,5.6
"SELTCAWRS_t171_v8",5.6,2.4,1.8,2,1.8,2.4
"SELTCAWRS_t172_v1",5.4,1.6,4,1.8,2.4,2
"SELTCAWRS_t172_v2",5.4,4.4,5.2,6,5,5.2
"SELTCAWRS_t172_v3",5,2.8,2.6,1.6,2,3
"SELTCAWRS_t172_v4",5.8,6,5.4,6,5,5.4
"SELTCAWRS_t172_v5",5.2,4.8,4.6,5.6,5,4.8
"SELTCAWRS_t172_v6",5.6,2.2,3.4,1.8,2.6,2
"SELTCAWRS_t172_v7",5.8,5.8,6,5.8,5.2,5.4
"SELTCAWRS_t172_v8",5.6,2.2,2,1.4,1.8,3.2
"SELTCAWRS_t173_v2",4.2,3.6,5,5,4.2,4.2
"SELTCAWRS_t173_v7",4.6,5.4,5.8,4.8,5,4.6
"SELTCAWRS_t174_v1",3.2,2.4,5,2.8,3.4,4
"SELTCAWRS_t174_v2",4,4.2,4.2,4.6,5.8,4
"SELTCAWRS_t174_v3",3.6,3,2.8,3,2.4,3.8
"SELTCAWRS_t174_v4",4.6,5.6,5,4.4,5.4,4.8
"SELTCAWRS_t174_v5",4.2,4.4,3.6,4.8,5.4,4.4
"SELTCAWRS_t174_v6",4.2,3.4,4.6,2,2.4,3.2
"SELTCAWRS_t174_v7",3.8,4.4,5.6,4.6,4.8,5.4
"SELTCAWRS_t174_v8",4,2.2,1.4,2.8,1.2,3.6
"SELTCAWRS_t175_v1",5.2,1.8,2.4,1.6,2.2,2.2
"SELTCAWRS_t175_v2",5.8,5,6,6,5.4,5.8
"SELTCAWRS_t175_v3",6.2,1.6,1.8,1.8,1.8,1.6
"SELTCAWRS_t175_v4",6,6.2,5.6,5.8,5.8,6
"SELTCAWRS_t175_v5",6.2,5.6,5.6,6.2,5.8,5.6
"SELTCAWRS_t175_v6",6.6,1.4,1.2,1.2,2,1.2
"SELTCAWRS_t175_v7",6.4,6.4,6,6.6,5.6,6
"SELTCAWRS_t175_v8",6.5,1,1,1,1,1.5
"SELTCAWRS_t177_v1",5.4,1.4,2.8,1.4,1.6,1.4
"SELTCAWRS_t177_v2",6,6,5.8,6.2,6,5.8
"SELTCAWRS_t177_v3",6.4,1.4,1.2,1.6,1.2,1.8
"SELTCAWRS_t177_v4",5.8,6.2,5.8,6.2,5.4,5.6
"SELTCAWRS_t177_v5",5.8,5.4,5.6,6,5.6,5.8
"SELTCAWRS_t177_v6",6,1.8,2.2,1.2,2.2,1.2
"SELTCAWRS_t177_v7",6.4,6.4,6.4,6.6,6.6,6.2
"SELTCAWRS_t177_v8",6.2,1.2,1.2,1.6,1.2,1.8
"SELTCAWRS_t178_v1",5.6,1.8,2.2,1.8,1.6,2.2
"SELTCAWRS_t178_v2",5.8,5.4,6,6,5.8,5.8
"SELTCAWRS_t178_v3",6,1.8,1.6,1.8,1.6,2
"SELTCAWRS_t178_v4",6,6,5.2,6,5.8,5.8
"SELTCAWRS_t178_v5",6,5,6,6,5.4,6
"SELTCAWRS_t178_v6",5.8,1.4,1.6,1.4,2,1.4
"SELTCAWRS_t178_v7",6.4,6.2,6.4,6.4,5.6,6.4
"SELTCAWRS_t178_v8",5.8,1.6,1.4,1.6,1.4,2.8
"SELTCAWRS_t180_v1",4.25,2.75,2.5,2,2.75,2.75
"SELTCAWRS_t180_v2",5.5,5,5.75,6,5.25,5
"SELTCAWRS_t180_v3",5.75,1.75,2,2,2,2.25
"SELTCAWRS_t180_v4",5,4.25,3.75,4.25,3.5,4.25
"SELTCAWRS_t180_v5",5,5,5,5.75,5.25,5.25
"SELTCAWRS_t180_v6",4.5,2.75,2.75,2.5,2.75,3
"SELTCAWRS_t180_v7",5.25,5.75,5.25,5.5,5.25,5.25
"SELTCAWRS_t180_v8",5.5,2.25,1.75,2.5,1.75,3.25
"SELTCAWRS_t181_v1",5,2.5,2.75,1.5,2.5,1.75
"SELTCAWRS_t181_v2",4.75,4.5,5.25,5.75,4.75,5.25
"SELTCAWRS_t181_v3",4.5,2.25,2,2.25,1.75,3
"SELTCAWRS_t181_v4",5.25,5.75,5.5,5.75,4.5,5.25
"SELTCAWRS_t181_v5",5,4.5,5.5,5.25,4.75,5.25
"SELTCAWRS_t181_v6",5.5,2.5,2.25,1.75,2.25,1.75
"SELTCAWRS_t181_v7",5,5,5.25,5.25,4.25,4.75
"SELTCAWRS_t181_v8",4.75,2.75,2.25,2.25,3.5,2.75
"SELTCAWRS_t182_v1",4.75,2.25,3.25,2,2.75,2.25
"SELTCAWRS_t182_v2",4,3.5,5.5,4.25,4,4.5
"SELTCAWRS_t182_v4",5,5.33333333333333,6,5.66666666666667,5.66666666666667,4.66666666666667
"SELTCAWRS_t182_v5",5.25,3.75,6,5.75,4.75,5
"SELTCAWRS_t182_v6",5,2.25,1.75,2.25,3.25,2.25
"SELTCAWRS_t182_v7",5,4.75,5.75,5.75,4.5,5.25
"SELTCAWRS_t182_v8",5,3,1,2.33333333333333,1,2.66666666666667
"SELTCAWRS_t183_v1",5.5,1.75,2.25,1.5,1.75,1.5
"SELTCAWRS_t183_v2",5.5,4.75,6,6,5.5,5.5
"SELTCAWRS_t183_v3",5.75,2.25,2.25,1.75,2.25,2
"SELTCAWRS_t183_v4",6,6,5.5,6,5.5,5.5
"SELTCAWRS_t183_v5",5.25,5,6,6,5.5,5
"SELTCAWRS_t183_v6",6,1.75,2.5,1.5,2.25,1.5
"SELTCAWRS_t183_v7",6,6,5.5,6,5.25,5.75
"SELTCAWRS_t183_v8",6.25,2.25,1.5,1.5,1.25,1.75
"SELTCAWRS_t184_v1",7,1,1,1,1,1
"SELTCAWRS_t184_v2",6.6,5.8,6.4,6.6,5.8,5.8
"SELTCAWRS_t184_v3",6.2,1.4,1.2,1.4,1.2,2.2
"SELTCAWRS_t184_v4",6.4,6.6,6.4,6.6,6.4,6.6
"SELTCAWRS_t184_v5",6.8,6,6.8,6.6,6,6.6
"SELTCAWRS_t184_v6",6.6,1.4,1.2,1.2,1.4,1.4
"SELTCAWRS_t184_v7",6.8,6.8,6.8,6.8,6.6,6.8
"SELTCAWRS_t184_v8",7,1.2,1,1,1,1.2
"SELTCAWRS_t185_v1",4.5,2,4,2.25,1.75,3.5
"SELTCAWRS_t185_v2",5,5,5,5.6,5,4.6
"SELTCAWRS_t185_v3",5.2,1.8,2.2,2,2.2,3.2
"SELTCAWRS_t185_v4",5.4,5.6,5.4,5.4,5.2,5.4
"SELTCAWRS_t185_v5",5.6,5.4,4.6,5.4,6.2,4.4
"SELTCAWRS_t185_v6",5.4,1.2,2.6,1.8,1.6,2.8
"SELTCAWRS_t185_v7",5.6,6.2,5.4,6,6,5.4
"SELTCAWRS_t185_v8",6,1.8,2,1.8,1.8,2
"SELTCAWRS_t189_v1",5.5,1.75,3,1.75,1.5,2.25
"SELTCAWRS_t189_v2",5.4,4.8,4.8,5.8,5.2,5.2
"SELTCAWRS_t189_v3",5.6,1.8,1.8,1.8,1.8,2.4
"SELTCAWRS_t189_v4",5.6,5.4,5,5,5.6,5.2
"SELTCAWRS_t189_v5",5,4.8,4.8,5.6,5,4.4
"SELTCAWRS_t189_v6",4.4,1.8,3.8,1.8,2.4,3.4
"SELTCAWRS_t189_v7",5,5.6,4.6,5,5,4.8
"SELTCAWRS_t189_v8",5.4,1.8,1.8,2.2,2.2,2.6
"SELTCAWRS_t19_v1",5.2,1.4,3.6,2,1.4,3
"SELTCAWRS_t19_v2",4.6,4.4,3.6,5.8,6,4.2
"SELTCAWRS_t19_v3",4.6,1.8,2.2,2.2,1.4,3
"SELTCAWRS_t19_v4",4.4,4.8,3.6,5,6.2,4.6
"SELTCAWRS_t19_v5",4.6,5.2,3.4,5,6.2,4.6
"SELTCAWRS_t19_v6",5.2,1.6,3,2,1.2,3
"SELTCAWRS_t19_v7",4,5,3.75,4,6,5
"SELTCAWRS_t19_v8",4.4,2.2,2.2,2,1.4,2.8
"SELTCAWRS_t190_v1",5.5,1,2.5,1,1.25,2.25
"SELTCAWRS_t190_v2",5.8,5.2,6,6.4,5.2,5.6
"SELTCAWRS_t190_v3",6.4,1.2,1.2,1.2,1.2,1.2
"SELTCAWRS_t190_v4",6.25,6.25,6,6.25,6.25,6.25
"SELTCAWRS_t190_v5",6,5.6,5.8,6,6,5.6
"SELTCAWRS_t190_v6",6.4,1,1.6,1,1,1.2
"SELTCAWRS_t190_v7",6.2,6.2,5.8,6.4,6.4,6.4
"SELTCAWRS_t190_v8",6.4,1.2,1,1.2,1,1.6
"SELTCAWRS_t191_v3",4,3.4,2.4,1.8,2.6,3.4
"SELTCAWRS_t191_v4",3,4,3.4,3.4,2.8,2.2
"SELTCAWRS_t191_v5",3.2,2.2,3.2,3.8,3.8,2.8
"SELTCAWRS_t191_v6",3.4,3.8,4.6,1.8,3.6,4
"SELTCAWRS_t191_v7",3.4,4.8,2.8,3.6,3.4,3.4
"SELTCAWRS_t191_v8",3.6,4.4,3.4,2.2,2,4.6
"SELTCAWRS_t193_v1",5.5,1.5,2.25,1.75,1.5,1.75
"SELTCAWRS_t193_v2",5.4,5.4,5.8,5.8,5.8,5.2
"SELTCAWRS_t193_v3",6,1.8,1.6,1.8,1.6,2.6
"SELTCAWRS_t193_v4",6,6,5.6,6.2,6,5.8
"SELTCAWRS_t193_v5",5.8,5.4,5.2,6,5.8,5.2
"SELTCAWRS_t193_v6",6,1.6,2.4,1.6,1.6,1.6
"SELTCAWRS_t193_v7",6.2,6.2,5.8,6.2,6,6
"SELTCAWRS_t193_v8",6,1.6,1.6,1.6,1.6,2
"SELTCAWRS_t194_v1",5.5,1.5,3,1.5,1.5,2
"SELTCAWRS_t194_v2",5.6,5.2,5.4,6,5.6,5.2
"SELTCAWRS_t194_v3",5.6,1.6,1.6,1.8,1.6,2.2
"SELTCAWRS_t194_v4",5.8,6,5,5.8,6,5.2
"SELTCAWRS_t194_v5",5.6,5.4,4.8,5.8,5.8,5.6
"SELTCAWRS_t194_v6",5.4,1.6,3.4,1.8,1.6,2.4
"SELTCAWRS_t194_v7",5.8,6,5.2,5.8,5.8,5.6
"SELTCAWRS_t194_v8",5.8,1.6,1.6,1.8,1.6,2.4
"SELTCAWRS_t195_v2",5.2,4.4,5,5.8,4.6,4.6
"SELTCAWRS_t195_v3",5,2.2,1.6,2,1.8,3.2
"SELTCAWRS_t195_v4",5.4,5.4,5.4,5.6,5,5
"SELTCAWRS_t195_v5",5,4,5.2,5.4,4.6,5.2
"SELTCAWRS_t195_v6",4.4,4,1.8,2.4,4.2,2.6
"SELTCAWRS_t195_v7",5.8,5.8,5.8,6,4.2,5.6
"SELTCAWRS_t195_v8",4.4,3,1.6,3,1.8,3.4
"SELTCAWRS_t196_v1",4,2.8,4,2,3.2,3
"SELTCAWRS_t196_v2",4.8,4.6,4.2,5.4,4.6,4.6
"SELTCAWRS_t196_v3",5.2,2.4,1.8,2,2.2,1.8
"SELTCAWRS_t196_v4",5.2,5.6,5.2,5.8,5.2,5.2
"SELTCAWRS_t196_v5",5.4,5.4,5.2,6,5.2,5
"SELTCAWRS_t196_v6",5.2,2.2,2.6,1.6,2.2,1.8
"SELTCAWRS_t196_v7",5,5.6,5.8,5.4,4.8,5.2
"SELTCAWRS_t196_v8",5.8,1.8,1.6,1.6,2,1.8
"SELTCAWRS_t197_v1",5.8,1.4,1.8,1.6,1.6,2
"SELTCAWRS_t197_v2",6,5,6.2,6.2,5.4,6
"SELTCAWRS_t197_v3",6,1.2,1.2,1.4,1.4,1.8
"SELTCAWRS_t197_v4",5.75,5.75,6,5,6.25,5.75
"SELTCAWRS_t197_v5",6,5.4,6,6.2,5.4,5.6
"SELTCAWRS_t197_v6",6,1.2,2.2,1.2,1.4,1.6
"SELTCAWRS_t197_v7",6,6.2,6.4,5.8,6.2,6.2
"SELTCAWRS_t197_v8",6.2,1.4,1.4,1.8,1.6,1.8
"SELTCAWRS_t198_v1",5.8,1.4,2,1.4,1.4,1.6
"SELTCAWRS_t198_v2",6.2,5.2,6,6.2,6,5.8
"SELTCAWRS_t198_v3",5.6,1.4,1.8,1.6,1.6,2.6
"SELTCAWRS_t198_v4",6.2,6.2,5.8,6.2,6.4,6
"SELTCAWRS_t198_v5",6.2,5.8,5.8,6.2,5.8,5.8
"SELTCAWRS_t198_v6",6.2,1.2,1.4,1.2,1.6,1.2
"SELTCAWRS_t198_v7",6.4,6.2,5.8,6.4,6.2,6.4
"SELTCAWRS_t198_v8",6,1.4,1.4,1.4,1.2,2
"SELTCAWRS_t2_v1",2.2,3.8,4.8,4.2,3.6,5.8
"SELTCAWRS_t2_v2",1.4,2.8,2.8,2.4,4.8,1.6
"SELTCAWRS_t2_v3",1.8,3.6,3,5.6,3.4,5
"SELTCAWRS_t2_v4",1.4,3.2,1.4,1.2,4,2.4
"SELTCAWRS_t2_v5",2.2,2.4,1.8,2.4,4.4,3
"SELTCAWRS_t2_v6",2.4,3.4,5.2,3.6,3,5.4
"SELTCAWRS_t2_v7",1.4,2.2,1.4,1.4,3.4,1.8
"SELTCAWRS_t2_v8",2,4,1.6,4.4,2.4,4.6
"SELTCAWRS_t20_v1",5.2,1.8,2.6,1.6,2,1.8
"SELTCAWRS_t20_v2",5.8,5.2,5.4,6.2,5.4,6
"SELTCAWRS_t20_v3",4.2,3.6,2,2.4,2.2,3.2
"SELTCAWRS_t20_v4",5.6,5.8,5.6,6,5.6,6.4
"SELTCAWRS_t20_v5",5,5,4.4,5.8,5.4,5.2
"SELTCAWRS_t20_v6",4.8,1.8,2.8,2.8,2,2.8
"SELTCAWRS_t20_v7",6,5.8,6,6.2,5.6,6
"SELTCAWRS_t20_v8",5.8,2,2.4,1.6,1.8,2
"SELTCAWRS_t200_v1",5,1.25,3,2.25,1.5,2.5
"SELTCAWRS_t200_v2",5.2,5,4.6,5.8,5.6,5.2
"SELTCAWRS_t200_v3",5.6,1.4,1.4,1.8,1.4,2.4
"SELTCAWRS_t200_v4",5.8,6,5.6,5.8,6,5.8
"SELTCAWRS_t200_v5",5.4,5,5.6,5.8,5.2,5.6
"SELTCAWRS_t200_v6",4.8,2,2.8,1.8,2.2,1.8
"SELTCAWRS_t200_v7",6.2,5.8,5.4,6.2,5.8,6.2
"SELTCAWRS_t200_v8",5,2,1.4,2.2,1.6,3.8
"SELTCAWRS_t201_v1",5.4,2,2.2,1.8,2,1.8
"SELTCAWRS_t201_v2",4.2,4,5.4,4.8,4.4,4.2
"SELTCAWRS_t201_v3",4.8,3.6,1.8,2.2,3.2,2.8
"SELTCAWRS_t201_v4",5.2,5.8,5.4,6,4.8,5.6
"SELTCAWRS_t201_v5",5.2,4,4.6,6,4.8,5.8
"SELTCAWRS_t201_v6",4.2,3.4,1.6,2,3.2,2.2
"SELTCAWRS_t201_v7",5.2,5.8,5.4,6,5,5.6
"SELTCAWRS_t201_v8",4.4,3.2,3,2,2.8,3
"SELTCAWRS_t202_v1",5.6,2,2,2,1.8,2.2
"SELTCAWRS_t202_v2",5.2,4.8,5.6,5.6,5.2,5.2
"SELTCAWRS_t202_v3",6,2.2,1.8,1.8,1.8,1.8
"SELTCAWRS_t202_v4",6,6.2,5.8,6.4,5.8,6
"SELTCAWRS_t202_v5",6,5.4,6,6,6,5.8
"SELTCAWRS_t202_v6",6,1.8,2,1.6,1.8,2
"SELTCAWRS_t202_v7",5.6,5.6,5,5.8,5.4,5.4
"SELTCAWRS_t202_v8",5.8,2.6,1.6,1.8,1.6,2.6
"SELTCAWRS_t203_v1",3.6,3.8,2.4,2.4,3.4,3.8
"SELTCAWRS_t203_v2",4,3.6,5.4,5.4,4,4
"SELTCAWRS_t203_v3",5.4,2.4,1.8,1.8,1.8,2
"SELTCAWRS_t203_v4",4.8,5.4,5.8,5.6,4.8,4.8
"SELTCAWRS_t203_v5",4.2,4,4.6,5.4,4.4,4.6
"SELTCAWRS_t203_v6",5,2.4,3,1.8,2.2,2
"SELTCAWRS_t203_v7",5.6,5.8,6,6,5.2,6
"SELTCAWRS_t203_v8",5.4,2.4,1.6,1.8,1.8,1.8
"SELTCAWRS_t204_v1",5.75,2,2.75,1.75,2,2.5
"SELTCAWRS_t204_v2",6,5.2,5.8,6.2,5.4,6
"SELTCAWRS_t204_v3",6.2,1.6,1.6,1.6,1.6,1.8
"SELTCAWRS_t204_v4",6.2,6.2,6,6.2,6,6.2
"SELTCAWRS_t204_v5",6.2,6,6.2,6.4,6.2,6.2
"SELTCAWRS_t204_v6",6.2,1.2,1.2,1.2,1.4,1.2
"SELTCAWRS_t204_v7",6.4,6.4,6.2,6.4,6.2,6.4
"SELTCAWRS_t204_v8",6.4,1.4,1.2,1.2,1.4,1.6
"SELTCAWRS_t205_v1",5.2,2.4,2,1.8,3,2.8
"SELTCAWRS_t205_v2",5.4,5.2,5.2,5.6,5.2,5.2
"SELTCAWRS_t205_v3",5.8,2,2.2,2,2,2.2
"SELTCAWRS_t205_v4",6.2,6.2,5.6,6.2,5.8,5.8
"SELTCAWRS_t205_v5",4.6,4.8,4.2,5.2,4.4,4.2
"SELTCAWRS_t205_v6",5.5,2.25,2,1.5,2.25,2.5
"SELTCAWRS_t205_v7",6,6.2,5.8,6,5.8,6.2
"SELTCAWRS_t205_v8",5.2,2.6,1.6,3,2,3.6
"SELTCAWRS_t206_v1",4.8,1.8,4,1.8,2,3.2
"SELTCAWRS_t206_v2",5.2,4,4.6,5.8,4.4,4.6
"SELTCAWRS_t206_v3",5.2,2.4,3,2.4,2.8,2.4
"SELTCAWRS_t206_v4",4.4,5.6,4.4,4.4,3.8,4.4
"SELTCAWRS_t206_v5",4.2,4.8,4,5.2,4.8,4.4
"SELTCAWRS_t206_v6",4.8,2,3.6,1.8,2.4,2.8
"SELTCAWRS_t206_v7",5.4,5.8,5.2,5.8,4.6,5.6
"SELTCAWRS_t206_v8",4.4,2.6,2.4,3.2,3.4,4.2
"SELTCAWRS_t207_v3",5.4,2,1.8,2,1.8,3.2
"SELTCAWRS_t207_v7",5.8,5.8,5.6,6,5.2,5
"SELTCAWRS_t207_v8",6,1.8,1.8,2,1.8,2.2
"SELTCAWRS_t209_v1",3.8,1.8,4.6,2.6,1.8,3.4
"SELTCAWRS_t209_v2",3.2,4,2.4,3.6,5.2,2.8
"SELTCAWRS_t209_v3",3.8,2.6,3.6,2.8,3,4.4
"SELTCAWRS_t209_v4",3.4,5,2.8,3.4,3.6,2.8
"SELTCAWRS_t209_v5",3.8,3.4,2.6,4.6,4.2,3.8
"SELTCAWRS_t209_v6",3.8,1.8,5,2.4,1.6,4.2
"SELTCAWRS_t209_v7",3.8,5.2,3,3.6,4,3.6
"SELTCAWRS_t209_v8",3,3.2,4,4.6,3,5.2
"SELTCAWRS_t21_v1",6.2,1.8,1.8,1.8,2.8,1.6
"SELTCAWRS_t21_v2",5.2,3.8,6,5.8,5.4,4.8
"SELTCAWRS_t21_v3",6.2,2.2,1.2,1.8,1.2,2.2
"SELTCAWRS_t21_v4",5.8,5.6,5.8,6,5.8,5.6
"SELTCAWRS_t21_v5",6,5.4,5.6,6,6.2,6
"SELTCAWRS_t21_v6",6.2,2,2.4,1.8,2.2,1.8
"SELTCAWRS_t21_v7",6.4,5.2,6.6,6.4,6.6,6.6
"SELTCAWRS_t21_v8",6,2,1.2,1.8,1.2,2
"SELTCAWRS_t211_v1",2.2,3.6,1.4,3.6,5.8,5.6
"SELTCAWRS_t211_v2",3.8,3.8,6,5.2,4.8,4.8
"SELTCAWRS_t211_v3",4.6,1.6,1.2,2.2,1.6,3.2
"SELTCAWRS_t211_v4",5.4,5.8,6.2,6,5.8,5
"SELTCAWRS_t211_v5",4.6,4.4,6.2,5.4,4.4,4.6
"SELTCAWRS_t211_v6",4.4,3,1.4,2,2.6,3.4
"SELTCAWRS_t211_v7",5,5.4,6,5.8,4.2,5.8
"SELTCAWRS_t211_v8",5,1.4,1.6,2.2,1.6,3.8
"SELTCAWRS_t212_v1",4,1.8,2.6,2,2.8,3.2
"SELTCAWRS_t212_v3",4.6,2.4,2,2,2.8,2.8
"SELTCAWRS_t213_v1",5.8,1.6,2.4,1.6,1.6,2.2
"SELTCAWRS_t213_v2",5.4,5,5.4,5.6,5.2,5.4
"SELTCAWRS_t213_v3",5.4,1.8,1.6,1.8,1.6,2.4
"SELTCAWRS_t213_v4",4.6,5,4.2,4.8,4.8,5
"SELTCAWRS_t213_v5",4.8,4.8,4.8,5.4,5.2,4.8
"SELTCAWRS_t213_v6",4.6,2,3,3,1.8,2.6
"SELTCAWRS_t213_v7",4.6,5,4,5.4,5.4,4.4
"SELTCAWRS_t213_v8",5.6,1.6,1.4,1.6,1.6,2.4
"SELTCAWRS_t214_v1",5.5,2.25,2,1.5,1.5,1.75
"SELTCAWRS_t214_v2",5.2,4.8,4.8,5.2,5.4,5
"SELTCAWRS_t214_v3",5.8,1.4,1.4,1.4,1.4,2.2
"SELTCAWRS_t214_v4",6,6,5.2,6,6,5.6
"SELTCAWRS_t214_v5",4,4.2,3.6,4.8,4.8,4.4
"SELTCAWRS_t214_v6",4.8,2,3.6,1.8,2.6,2
"SELTCAWRS_t214_v7",4.8,5.2,4.4,4.8,5.4,5.6
"SELTCAWRS_t214_v8",5.4,1.6,1.6,1.6,1.6,2
"SELTCAWRS_t215_v1",5,2.6,4,2.2,3,2.2
"SELTCAWRS_t215_v2",5.4,5,5.2,5.6,5.8,4.6
"SELTCAWRS_t215_v3",5.4,1.8,1.8,1.8,1.8,2.6
"SELTCAWRS_t215_v4",5.2,5.8,4.4,5.4,5.4,4.6
"SELTCAWRS_t215_v5",5.6,5.2,5.4,6,5.4,5.6
"SELTCAWRS_t215_v6",5.6,1.6,2.2,1.6,2,1.8
"SELTCAWRS_t215_v7",5.8,6,5.4,6,5.4,5.8
"SELTCAWRS_t215_v8",5.8,1.6,1.4,1.6,1.4,2
"SELTCAWRS_t216_v1",5.8,1.6,2.6,1.4,1.8,1.8
"SELTCAWRS_t216_v2",5.2,5.2,4.2,6.2,5.2,5
"SELTCAWRS_t216_v3",5.6,1.8,1.8,1.8,1.6,2.4
"SELTCAWRS_t216_v4",5.6,5.8,5.2,5.8,6,5.8
"SELTCAWRS_t216_v5",4.8,5,4,5.4,5.4,4.6
"SELTCAWRS_t216_v6",6,2,2.8,1.6,2,2.2
"SELTCAWRS_t216_v7",5.6,5.8,5.4,5.8,5.6,5.6
"SELTCAWRS_t216_v8",6,1.8,1.8,1.8,1.8,2.2
"SELTCAWRS_t217_v1",4.8,2.4,2.6,2.4,2.4,2.6
"SELTCAWRS_t217_v2",4.6,4.4,3.6,4.8,4.8,4.2
"SELTCAWRS_t217_v3",5.8,1.6,1.6,1.4,1.6,2
"SELTCAWRS_t217_v4",5.6,5.4,6,5.8,5.4,5.6
"SELTCAWRS_t217_v5",5.6,5.2,5.2,6.2,5.6,5.8
"SELTCAWRS_t217_v6",5,2,2,2.2,2.6,2.4
"SELTCAWRS_t217_v7",6,5.8,5.8,6,5.6,5.8
"SELTCAWRS_t217_v8",5.4,2.4,1.4,1.4,1.8,1.6
"SELTCAWRS_t218_v1",4.6,2.8,3.4,2.2,3,2.8
"SELTCAWRS_t218_v2",5.6,5.2,5,5.8,5.4,5.8
"SELTCAWRS_t218_v3",5.4,2,2,2,2,3.2
"SELTCAWRS_t218_v4",6,6.2,5,6.2,5.4,5.8
"SELTCAWRS_t218_v5",5.8,5.2,5.4,6,5.2,5.8
"SELTCAWRS_t218_v6",5.6,1.8,2,1.8,2.4,2.2
"SELTCAWRS_t218_v7",6,6.2,5.4,6.2,5.8,5.6
"SELTCAWRS_t218_v8",5.8,1.8,1.4,1.4,1.4,2.4
"SELTCAWRS_t219_v1",5.8,1.4,2.2,1.6,1.2,1.6
"SELTCAWRS_t219_v2",5.6,5.6,5.2,6.2,6.2,5
"SELTCAWRS_t219_v3",5.6,1.6,1.6,1.4,1.6,3.2
"SELTCAWRS_t219_v4",5.8,6,5.2,5.8,5.4,5.2
"SELTCAWRS_t219_v5",5,5,4.2,4.8,5.2,4.8
"SELTCAWRS_t219_v6",5.4,1.8,3,1.8,2,2
"SELTCAWRS_t219_v7",5.4,5.6,5.6,5.6,5.4,5.2
"SELTCAWRS_t219_v8",4.8,1.8,1.6,2.2,1.6,3
"SELTCAWRS_t220_v1",3.8,3.4,3.2,1.8,3.2,4
"SELTCAWRS_t220_v2",3.8,3.8,5,4.8,5,4.4
"SELTCAWRS_t220_v3",4.4,3.2,2.8,2.2,2.2,3.2
"SELTCAWRS_t220_v4",3.2,4.8,3.8,4.4,6,3.6
"SELTCAWRS_t220_v5",3,2.6,3.4,3.6,5,4.4
"SELTCAWRS_t220_v6",4,3.25,3,3,2.25,3.25
"SELTCAWRS_t220_v7",3,3.25,5.25,3,5.25,4.75
"SELTCAWRS_t220_v8",3.5,4.5,2,4,2.25,2.5
"SELTCAWRS_t222_v2",5.8,5,5.6,6.2,5.8,5.8
"SELTCAWRS_t222_v3",6.2,1.6,1.6,1.6,1.6,2.6
"SELTCAWRS_t222_v4",6,6,5.6,6,5.8,5.8
"SELTCAWRS_t222_v5",5.6,6,5.2,5.8,5.4,4.8
"SELTCAWRS_t222_v6",6,1.6,2,1.6,1.6,1.6
"SELTCAWRS_t222_v7",6.2,6,5.2,6,5.8,5.8
"SELTCAWRS_t222_v8",6.2,1.6,1.6,1.6,1.6,1.6
"SELTCAWRS_t223_v1",4.2,3.6,1.6,2,2.8,2.6
"SELTCAWRS_t223_v2",4.8,3.8,5.8,5.8,4.6,4.2
"SELTCAWRS_t223_v4",5.2,5.8,5.2,5.8,5.2,5.4
"SELTCAWRS_t223_v5",4.4,4.2,5.6,5.2,4.2,4.6
"SELTCAWRS_t223_v6",5.8,1.8,2.4,1.8,2.2,2
"SELTCAWRS_t223_v7",5.2,5.4,4.2,4.8,5,5.2
"SELTCAWRS_t223_v8",5.8,2,1.4,1.6,1.4,2
"SELTCAWRS_t224_v2",5,3.8,6.2,6,4.4,4.8
"SELTCAWRS_t224_v3",5.4,2.6,1.6,2,1.6,2.2
"SELTCAWRS_t224_v4",5.6,6.2,6,6.2,5.6,6.2
"SELTCAWRS_t224_v5",5.6,4.8,6,6,4.8,6.2
"SELTCAWRS_t224_v6",5.6,1.8,1.4,1.2,2.4,1.4
"SELTCAWRS_t224_v8",5.2,3.2,1.4,1.6,1.6,2.2
"SELTCAWRS_t225_v1",5.8,1.6,1.8,1.6,2,1.6
"SELTCAWRS_t225_v2",5.8,5.8,5.2,6.2,5.6,4.8
"SELTCAWRS_t225_v3",6,1.4,1.4,1.4,1.6,1.8
"SELTCAWRS_t225_v4",6.2,6.2,6,6.2,6.2,6.2
"SELTCAWRS_t225_v5",6.6,6,6,6.2,6.2,6
"SELTCAWRS_t225_v6",6,2,3,1.6,1.8,1.8
"SELTCAWRS_t225_v7",6.2,5.8,5.8,5.8,5.8,6.2
"SELTCAWRS_t225_v8",6.6,1.2,1.2,1.2,1.2,1.6
"SELTCAWRS_t226_v1",6.4,1.6,1.6,1.6,1.6,1.6
"SELTCAWRS_t226_v2",5.6,4.2,5.8,6.2,4.6,6
"SELTCAWRS_t226_v3",6.4,2.8,1.6,1.6,1.6,1.6
"SELTCAWRS_t226_v4",6.4,6.4,5.6,6.4,6.4,6
"SELTCAWRS_t226_v5",6,4.6,6.2,6.2,5.6,6
"SELTCAWRS_t226_v6",6.2,1.6,1.6,1.4,1.6,1.4
"SELTCAWRS_t226_v7",6.6,6.6,6.2,6.6,6,6
"SELTCAWRS_t226_v8",5.8,2.2,1.4,1.6,1.4,2
"SELTCAWRS_t227_v1",5.4,2,3.2,1.8,1.6,2.4
"SELTCAWRS_t227_v2",4.4,4.4,4,4.2,5.2,3.8
"SELTCAWRS_t227_v3",4.6,2.2,3,2.8,2.6,3.4
"SELTCAWRS_t227_v4",4.4,5.4,3.2,5.2,3.8,3.8
"SELTCAWRS_t227_v5",4.4,4.8,2.6,4.8,5.2,3.8
"SELTCAWRS_t227_v6",4.2,2,4,3,1.8,3
"SELTCAWRS_t227_v7",5.4,5.8,5,5.6,5,5.2
"SELTCAWRS_t227_v8",4.4,2,2.4,3,2.4,4.2
"SELTCAWRS_t228_v1",4.6,1.8,3,1.8,2.4,2.4
"SELTCAWRS_t228_v2",4,4.2,4.2,4.6,4.6,3.2
"SELTCAWRS_t228_v3",5.2,2.2,2.8,2,2.2,3
"SELTCAWRS_t228_v4",4.75,5.5,4.25,5.25,5.5,4.75
"SELTCAWRS_t228_v5",4.4,4.4,4.2,5.2,4.8,4.2
"SELTCAWRS_t228_v6",5.2,2,3,2,1.8,2.6
"SELTCAWRS_t228_v7",3.8,4.6,3.4,3,4.2,4.2
"SELTCAWRS_t228_v8",5,2.2,2,2.2,2.2,2.6
"SELTCAWRS_t23_v1",5,1.4,3.8,1.8,2.2,2.8
"SELTCAWRS_t23_v2",5.2,4,3.4,6,6,4.2
"SELTCAWRS_t23_v3",5,1.8,2.4,2.6,1.4,2.8
"SELTCAWRS_t23_v4",4.4,5.4,4.8,5,5,4.4
"SELTCAWRS_t23_v5",3.2,3.6,2.8,3.6,5,3
"SELTCAWRS_t23_v6",5.2,1.4,3.4,1.2,1.2,2.8
"SELTCAWRS_t23_v7",5.6,5.4,5.4,4.8,6,6
"SELTCAWRS_t23_v8",5.6,1.8,1.6,1.8,1.4,2.4
"SELTCAWRS_t231_v1",5.8,1.6,2.2,1.6,1.8,1.8
"SELTCAWRS_t231_v2",6,5.4,4.8,5.8,5.8,5
"SELTCAWRS_t231_v3",5.8,1.8,1.6,1.8,1.6,2
"SELTCAWRS_t231_v4",5.8,5.6,5,5.6,6,5.4
"SELTCAWRS_t231_v5",5.8,5.8,5.8,6,6,6
"SELTCAWRS_t231_v6",5.8,1.4,2.6,1.6,1.2,1.8
"SELTCAWRS_t231_v7",6.2,6,5.6,6,5.6,5.8
"SELTCAWRS_t231_v8",6.2,1.6,1.4,1.8,1.6,1.8
"SELTCAWRS_t232_v1",2.6,3,5,3.6,2.2,4.2
"SELTCAWRS_t232_v2",2,2.6,2.8,3.6,5,3
"SELTCAWRS_t232_v3",2,4.2,2.8,4.2,2.4,4.8
"SELTCAWRS_t232_v4",2,3.4,2,2.2,2.8,2.8
"SELTCAWRS_t232_v5",2,2.6,3,3.8,5.2,3.4
"SELTCAWRS_t232_v6",1.6,4.6,4.8,5.2,3.4,5.4
"SELTCAWRS_t232_v7",2.2,3.6,2.6,2.8,4.6,2.6
"SELTCAWRS_t232_v8",2.4,4.4,2.4,4.2,3,4.2
"SELTCAWRS_t233_v1",4.6,3.4,2.6,2.4,3.2,2.8
"SELTCAWRS_t233_v2",5.4,3.8,5.2,5.8,4,5.6
"SELTCAWRS_t233_v3",5,2.6,1.6,1.6,1.6,2.6
"SELTCAWRS_t233_v4",5.6,5.2,5,5.4,5,5.4
"SELTCAWRS_t233_v5",5.4,5,5.6,5.8,5,5.6
"SELTCAWRS_t233_v6",4.2,3.2,3.6,2,4.2,3.4
"SELTCAWRS_t233_v7",5.4,5.6,5,5.2,5.2,5
"SELTCAWRS_t233_v8",5.4,2.4,1.6,2,1.6,2.4
"SELTCAWRS_t234_v4",5.8,6,4.8,6,5,5.4
"SELTCAWRS_t234_v7",5,5.8,5.2,5,5.4,4.6
"SELTCAWRS_t234_v8",5,3.2,2.4,1.6,1.6,2.2
"SELTCAWRS_t235_v1",5.4,1.6,2.4,2.2,1.6,2.2
"SELTCAWRS_t235_v2",5.75,5.75,5.5,6,6,5.5
"SELTCAWRS_t235_v3",5.4,1.4,2,2.2,2,2.6
"SELTCAWRS_t235_v4",5.6,5.6,5,5.6,5,5.6
"SELTCAWRS_t235_v5",5.6,5.4,5.2,5.4,5.6,5
"SELTCAWRS_t235_v6",5.6,1.8,2.8,2,2.2,2.4
"SELTCAWRS_t235_v7",6.2,6,5.2,6,6,5.8
"SELTCAWRS_t235_v8",6,1.6,1.4,1.6,1.4,2
"SELTCAWRS_t236_v1",5.2,1.8,3,1.8,1.6,2
"SELTCAWRS_t236_v2",6,5,5.8,6.2,5.6,5.4
"SELTCAWRS_t236_v3",6,1.5,1.5,1.25,1.25,1.75
"SELTCAWRS_t236_v4",6,6.6,4.6,6.2,6,5.6
"SELTCAWRS_t236_v5",6.2,5.4,5.8,6,5.6,5.8
"SELTCAWRS_t236_v7",6.2,6.2,5.8,6.2,5.6,5.6
"SELTCAWRS_t236_v8",6.2,1.6,1.2,1.4,1.2,1.6
"SELTCAWRS_t237_v1",6,1.6,2.6,1.8,1.4,2
"SELTCAWRS_t237_v2",6,5.6,5.8,6.2,5.8,5.8
"SELTCAWRS_t237_v3",6,1.4,1.8,1.6,1.6,2
"SELTCAWRS_t237_v4",6.2,6.4,6,6.2,6,6
"SELTCAWRS_t237_v5",6.2,6,5.4,6.2,6,5.4
"SELTCAWRS_t237_v6",6.4,1.2,2.8,1.4,1.6,1.6
"SELTCAWRS_t237_v7",6,6.2,6,6.2,6.2,6.2
"SELTCAWRS_t237_v8",6,1.6,1.6,1.6,1.6,2
"SELTCAWRS_t238_v1",4.2,3.2,2.8,2.2,3.2,2.6
"SELTCAWRS_t238_v2",4.8,3.8,5.4,5.4,5.4,4.4
"SELTCAWRS_t238_v3",4.4,3.8,1.6,2.2,1.4,3.2
"SELTCAWRS_t238_v4",4.6,5,4.6,5.2,5.2,4.4
"SELTCAWRS_t238_v5",4.75,4.25,4.25,5,5.75,4.75
"SELTCAWRS_t238_v6",4.6,3.4,3.2,2.6,2.4,2.4
"SELTCAWRS_t238_v7",4.4,5.2,4.8,4.4,5.4,4.8
"SELTCAWRS_t238_v8",4.6,3.8,1.4,2.4,1.4,4
"SELTCAWRS_t239_v1",5.6,1.8,3,1.8,1.8,1.8
"SELTCAWRS_t239_v2",5,5,5,5.8,5.4,5.4
"SELTCAWRS_t239_v3",5.4,2.4,1.8,2,1.8,3
"SELTCAWRS_t239_v4",5.4,5.6,5,4.8,5,4.8
"SELTCAWRS_t239_v7",5.2,6,4.2,4.6,6.2,3.8
"SELTCAWRS_t239_v8",5,2.2,1.8,2.8,1.6,3.8
"SELTCAWRS_t240_v1",3.4,2.6,5.6,3.4,2.6,4.2
"SELTCAWRS_t240_v2",4.4,3.6,4,4.6,5.4,3.6
"SELTCAWRS_t240_v3",4.8,2.6,2,2,2,2.6
"SELTCAWRS_t240_v4",5,5.8,5.2,5.6,5,5
"SELTCAWRS_t240_v5",5,4.8,4,5.2,5.6,4
"SELTCAWRS_t240_v6",5.2,2.2,3.6,2,2.4,2.6
"SELTCAWRS_t240_v7",5.4,6.2,4.8,5.4,5.6,5
"SELTCAWRS_t240_v8",5,3,2.2,2,2.4,2.8
"SELTCAWRS_t242_v1",6.4,1.4,2.6,1.2,1.2,1.6
"SELTCAWRS_t242_v2",6.2,6.2,5.8,6.4,6,6
"SELTCAWRS_t242_v3",6.6,1.4,1.2,1.4,1.4,1.4
"SELTCAWRS_t242_v4",6.6,6.6,6.2,6.4,6,6.4
"SELTCAWRS_t242_v5",6.6,6.4,6.4,6.6,6.6,6.6
"SELTCAWRS_t242_v6",6.6,1.2,2,1.2,1.2,1.2
"SELTCAWRS_t242_v7",7,6.8,6.6,7,7,6.8
"SELTCAWRS_t242_v8",6.8,1,1,1,1.2,1
"SELTCAWRS_t243_v2",4.8,4.2,3.8,5.4,4.6,4.4
"SELTCAWRS_t243_v3",4.4,2.8,4.2,2.4,3,2.6
"SELTCAWRS_t243_v4",4.6,6,4.4,4.8,4.6,5
"SELTCAWRS_t243_v5",5.4,5.2,3.8,5.6,5.4,5
"SELTCAWRS_t243_v6",5.4,1.6,4,1.8,1.6,3.4
"SELTCAWRS_t243_v7",5.6,6,5.6,6,6,5.4
"SELTCAWRS_t243_v8",5.4,1.6,2.8,2,2.2,2.2
"SELTCAWRS_t244_v1",2.6,4.6,3.6,4,3.8,4.6
"SELTCAWRS_t244_v2",4.2,3.8,5.2,4.4,4.8,4.2
"SELTCAWRS_t244_v3",4.4,3,1.6,2.2,1.8,2.4
"SELTCAWRS_t244_v4",4.75,5.5,4.75,5,5,5.25
"SELTCAWRS_t244_v5",4.4,3.8,4.8,5.4,5.2,4.8
"SELTCAWRS_t244_v6",3.8,3.4,3.6,3,3.4,4.2
"SELTCAWRS_t244_v7",3.8,5.4,5.6,4.8,4.8,4.6
"SELTCAWRS_t244_v8",4.6,2.8,2,2.4,2,2.2
"SELTCAWRS_t245_v1",5.75,1.75,2.75,1.75,1.5,2
"SELTCAWRS_t245_v2",5.6,5.2,6.2,6.2,5.4,6
"SELTCAWRS_t245_v3",5.8,2.4,1.6,1.6,1.6,2.8
"SELTCAWRS_t245_v4",6.2,6.4,6.2,6.2,5.6,6.2
"SELTCAWRS_t245_v5",6.2,5.4,6.4,6.4,5.4,6
"SELTCAWRS_t245_v7",6.6,6.4,6.4,6.4,6.2,6.6
"SELTCAWRS_t245_v8",6.8,1.2,1.2,1.2,1.2,1.2
"SELTCAWRS_t247_v2",6,4.8,5.6,6,5.2,5.6
"SELTCAWRS_t247_v3",6,1.6,1.6,1.6,1.6,1.8
"SELTCAWRS_t247_v4",5.6,5.8,5.8,5.8,5,5.8
"SELTCAWRS_t247_v5",5.6,4.8,5.6,5.8,4.8,5.8
"SELTCAWRS_t247_v6",5.8,1.4,2.6,1.4,1.4,1.6
"SELTCAWRS_t247_v7",6,6,5.8,6,5.2,6
"SELTCAWRS_t247_v8",6,1.8,1.4,1.6,1.4,2.2
"SELTCAWRS_t250_v1",5.2,2.4,3.4,2,2.6,2.2
"SELTCAWRS_t250_v2",5.5,5,6.25,5.75,5.5,5.5
"SELTCAWRS_t250_v3",4.8,3,1.6,1.8,1.8,2.6
"SELTCAWRS_t250_v4",5.2,5,6,6.2,5,5.4
"SELTCAWRS_t250_v5",5.2,4,6.2,5.6,4.6,5.6
"SELTCAWRS_t250_v6",4.4,3.4,3,2.2,4,1.8
"SELTCAWRS_t250_v7",5.8,5.6,6.4,6.4,4.4,6
"SELTCAWRS_t250_v8",5.2,3.2,1.6,1.6,2.2,1.8
"SELTCAWRS_t251_v1",5.8,1.8,1.6,1.6,1.8,1.6
"SELTCAWRS_t251_v2",6,5,5.8,6.2,5.4,5.8
"SELTCAWRS_t251_v3",6.2,1.6,1.4,1.4,1.6,2.2
"SELTCAWRS_t251_v4",6.2,6.4,6.2,6.4,6,6.2
"SELTCAWRS_t251_v5",6.6,5.8,6.6,6.4,5.8,6.4
"SELTCAWRS_t251_v6",6.4,1.2,1.2,1.2,1.4,1.2
"SELTCAWRS_t251_v7",6.6,6.8,6.2,6.8,5.8,6.4
"SELTCAWRS_t251_v8",6.4,1.6,1.2,1.2,1.4,1.6
"SELTCAWRS_t253_v1",5.2,2,3.4,1.8,2.8,2.6
"SELTCAWRS_t253_v2",5.6,4.6,5.2,5.8,5.8,5.2
"SELTCAWRS_t253_v3",5.8,1.8,1.8,1.8,1.8,2.2
"SELTCAWRS_t253_v4",5.8,5.4,5.8,6,5.2,5.6
"SELTCAWRS_t253_v5",5.6,5,5.2,5.8,5.2,5.4
"SELTCAWRS_t253_v6",5.8,1.6,3,1.4,1.2,2
"SELTCAWRS_t253_v7",6,6,6,6,5.4,6
"SELTCAWRS_t253_v8",6.2,1.6,1.8,1.8,1.8,1.8
"SELTCAWRS_t257_v1",5.8,1.6,2.8,1.4,1.6,1.4
"SELTCAWRS_t257_v2",6.2,5.4,5.4,6.2,5.4,5.4
"SELTCAWRS_t257_v3",6.2,1.2,1.2,1.2,1.2,2.2
"SELTCAWRS_t257_v4",6,6.2,5.4,6.2,5.4,5.6
"SELTCAWRS_t257_v5",6.2,6.2,5.6,6.2,6.2,5.2
"SELTCAWRS_t257_v6",6.4,1.2,2.4,1.4,1.2,1.4
"SELTCAWRS_t257_v7",6.6,6.6,5.6,6.2,6.6,6.6
"SELTCAWRS_t257_v8",6.4,1.2,1.2,1.2,1.2,1.6
"SELTCAWRS_t259_v1",5.8,2,2.4,1.8,2.2,2.2
"SELTCAWRS_t259_v2",6,5.8,5.8,6,6.2,5.8
"SELTCAWRS_t259_v3",5.8,1.8,1.6,1.8,1.6,2.6
"SELTCAWRS_t259_v4",6,6.2,5.8,6,5.8,5.8
"SELTCAWRS_t259_v5",6.2,6,5.8,6.2,6,5.8
"SELTCAWRS_t259_v6",6.4,1.6,1.6,1.4,1.6,1.8
"SELTCAWRS_t259_v7",6.2,6.2,6,6.4,6.2,5.6
"SELTCAWRS_t259_v8",6.8,1.2,1.4,1.4,1.4,1.6
"SELTCAWRS_t260_v1",5,2.4,3.2,1.8,3.2,2.2
"SELTCAWRS_t260_v2",4.4,4.4,6.2,5.4,5,4.8
"SELTCAWRS_t260_v3",5,2.4,1.8,1.8,1.8,2.6
"SELTCAWRS_t260_v4",4.2,4.8,5.6,5.4,4.6,4.4
"SELTCAWRS_t260_v5",4.8,4.2,6,5,5.2,4.6
"SELTCAWRS_t260_v6",4.6,3.8,1.8,2.4,3.4,3.2
"SELTCAWRS_t260_v7",5,5.8,6,5.8,4.4,5.8
"SELTCAWRS_t260_v8",3.2,3.2,1.6,2,3,3.4
"SELTCAWRS_t28_v1",3.8,2.8,2.4,2.2,4.2,3.8
"SELTCAWRS_t28_v2",5.2,4,6,6,4.4,5
"SELTCAWRS_t28_v3",5.4,1.8,2.2,1.8,2.2,2.4
"SELTCAWRS_t28_v4",5.75,5.75,5.5,5.75,5.25,5.5
"SELTCAWRS_t28_v5",5.8,5.2,5.8,6.2,5.2,5.6
"SELTCAWRS_t28_v6",5.8,1.8,1.8,1.4,1.8,2.2
"SELTCAWRS_t28_v7",6.2,6.4,5.4,6.6,6.2,6.4
"SELTCAWRS_t28_v8",6.4,1.4,1.4,1.2,1.2,1.6
"SELTCAWRS_t29_v1",5.4,2.2,2.2,2,2.8,2.6
"SELTCAWRS_t29_v2",6.2,5.8,6.2,6.4,6.2,5.8
"SELTCAWRS_t29_v3",6,1.6,1.4,1.8,1.4,1.8
"SELTCAWRS_t29_v4",6,5.8,5,6.2,6,5.4
"SELTCAWRS_t29_v5",6.2,5.4,6,6.2,5.6,6
"SELTCAWRS_t29_v6",6.2,1.6,1.8,1.2,1.4,1.6
"SELTCAWRS_t29_v7",6.4,5,5,5.2,5.4,5.4
"SELTCAWRS_t29_v8",6.8,1.2,1.2,1.2,1.2,1.2
"SELTCAWRS_t3_v1",4.75,2,2.25,2,3.25,2.75
"SELTCAWRS_t3_v2",4,3,4.25,4.5,4.25,3.5
"SELTCAWRS_t3_v3",4.25,3.25,1.75,2.75,2.75,3.5
"SELTCAWRS_t3_v4",5,5.33333333333333,4.66666666666667,5.33333333333333,5,4
"SELTCAWRS_t3_v5",4.5,4.75,4.25,4,5.25,3.5
"SELTCAWRS_t3_v6",4.25,2.75,2.75,2.5,3,2.5
"SELTCAWRS_t3_v7",5.25,5.25,4.25,4.5,5.25,4.5
"SELTCAWRS_t3_v8",5.5,2,1.5,2.25,1.75,3
"SELTCAWRS_t31_v1",5,2.6,2.2,2,3.4,2.2
"SELTCAWRS_t31_v2",5.4,3.8,5.6,6,4.8,5.4
"SELTCAWRS_t31_v3",4.8,3.2,1.4,2.8,1.4,3.2
"SELTCAWRS_t31_v4",5.8,6,6,6.2,5.2,5.4
"SELTCAWRS_t31_v5",4.8,3.8,5,5.2,4.6,4
"SELTCAWRS_t31_v6",5.2,2.8,2,1.8,3.8,1.4
"SELTCAWRS_t31_v7",5.4,4.4,4.4,4.8,3.4,4.4
"SELTCAWRS_t31_v8",5.5,3.5,1,2,1.25,2.5
"SELTCAWRS_t32_v1",3.6,2,3.4,3,3.2,3
"SELTCAWRS_t32_v2",5.2,5,4.8,5.8,6.2,5.8
"SELTCAWRS_t32_v3",5.6,2.4,2.4,1.8,2,2.6
"SELTCAWRS_t32_v4",5,5.5,4,5.5,4.25,4.5
"SELTCAWRS_t32_v5",4.4,4.4,3.6,5,6,4.4
"SELTCAWRS_t32_v6",3.8,2.4,4,2.8,2.2,2.8
"SELTCAWRS_t32_v7",5,5.4,4.6,5.2,5.4,4.8
"SELTCAWRS_t32_v8",4.4,2.2,1.6,3,1.4,3.4
"SELTCAWRS_t33_v2",5.6,4.4,6,6,5.4,5.4
"SELTCAWRS_t33_v3",5.4,2.4,1.4,2,1.4,2
"SELTCAWRS_t33_v4",6.2,5.6,5.8,6.2,6.2,6
"SELTCAWRS_t33_v5",5.6,5,5.2,5.6,5.6,5.6
"SELTCAWRS_t33_v6",6,1.2,2.6,1.2,1.2,1.8
"SELTCAWRS_t33_v7",5.4,5.2,5,5.8,5.4,5.4
"SELTCAWRS_t33_v8",5.2,2.6,1.4,1.8,1.4,2.6
"SELTCAWRS_t34_v1",4.6,2.8,2.6,2.2,3.4,3
"SELTCAWRS_t34_v2",5.2,4.6,5.2,6,5.6,5
"SELTCAWRS_t34_v3",5.2,3,2.2,2.2,2.2,2.8
"SELTCAWRS_t34_v4",5.6,5.8,5,5.8,5.4,5.6
"SELTCAWRS_t34_v5",5.8,5,5.2,6,5.4,5.6
"SELTCAWRS_t34_v6",5,3,3.6,1.4,4.4,2.6
"SELTCAWRS_t34_v7",6,6,5.4,6,5.6,6.2
"SELTCAWRS_t34_v8",5.4,1.6,1.2,1.6,1.2,2.8
"SELTCAWRS_t36_v1",5,2.4,2.4,2,2.8,2.2
"SELTCAWRS_t36_v2",6.2,6.4,5.4,6.4,6.4,5.6
"SELTCAWRS_t36_v3",6.2,1.2,1.2,1.4,1.8,2
"SELTCAWRS_t36_v4",5.8,5.8,5.6,5.8,5.4,5.6
"SELTCAWRS_t36_v5",5.8,5.6,5,6,6,5.8
"SELTCAWRS_t36_v6",6.2,2,1.6,1.2,2,1.4
"SELTCAWRS_t36_v7",6.4,6.4,6.2,6.4,6.4,6.4
"SELTCAWRS_t36_v8",6.6,1.2,1.2,1.2,1.2,1.4
"SELTCAWRS_t37_v1",5.8,2,2,2,2.6,2
"SELTCAWRS_t37_v4",6.5,6.5,6.5,6.5,5.25,6.25
"SELTCAWRS_t37_v5",6.5,4.5,6.25,6.5,4.5,6.5
"SELTCAWRS_t37_v6",6.75,1.25,1.25,1,1.25,1.25
"SELTCAWRS_t37_v7",6.75,6.25,6.25,6.75,5.5,6.75
"SELTCAWRS_t37_v8",6.5,1.75,1.25,1.25,1.25,1.5
"SELTCAWRS_t38_v1",4,5,5,4,5,4
"SELTCAWRS_t38_v2",3,3,3,3,5,3
"SELTCAWRS_t39_v1",5.2,2.2,2,2.2,3.4,3.2
"SELTCAWRS_t39_v2",5.8,5,6,6,5.8,6
"SELTCAWRS_t39_v3",5.8,2,1.6,1.4,1.2,2
"SELTCAWRS_t39_v4",6.2,6,6,6.4,6.2,6.2
"SELTCAWRS_t39_v5",6.6,5,6.4,6.4,5.6,6
"SELTCAWRS_t39_v6",6,2.4,1.6,1.6,2.4,2
"SELTCAWRS_t39_v7",6.6,6.6,6.6,6.8,6,6.8
"SELTCAWRS_t39_v8",6.2,2.2,1.4,1.6,1.2,2.4
"SELTCAWRS_t4_v1",2.8,5.4,2.6,2.4,5.4,4
"SELTCAWRS_t4_v2",3,1.8,4.2,4.6,4.6,4
"SELTCAWRS_t4_v3",3.75,3.25,1.25,3,1.75,3.25
"SELTCAWRS_t4_v4",5.2,5.4,4.6,5.4,5.6,4.8
"SELTCAWRS_t4_v5",3,2.4,5,3.4,4.8,2.8
"SELTCAWRS_t4_v6",4.2,3.4,2.2,2.4,3.4,2.8
"SELTCAWRS_t4_v7",3.8,3.8,4.2,4,4.8,3.6
"SELTCAWRS_t4_v8",2.8,4.8,1.2,2.2,2,4.6
"SELTCAWRS_t40_v2",5.8,6,5.8,6.2,6,5.8
"SELTCAWRS_t40_v5",5.6,5.8,4.6,6.2,5.6,5.2
"SELTCAWRS_t40_v7",5.8,6.2,6,6.2,6.2,6
"SELTCAWRS_t41_v1",4.2,3.2,2.2,2.2,4.6,3.4
"SELTCAWRS_t41_v2",5.4,2.8,6.8,5.6,3.4,5
"SELTCAWRS_t41_v3",5.2,3.2,1.2,1.8,1.2,3
"SELTCAWRS_t41_v4",5.8,5.8,6.4,6.2,4.8,5.2
"SELTCAWRS_t41_v5",5,3.6,4.8,5.4,4.6,4
"SELTCAWRS_t41_v6",4,2.2,2.8,2.4,3.8,2.8
"SELTCAWRS_t41_v7",3.4,3.2,6.4,4.8,3.8,4.4
"SELTCAWRS_t41_v8",4,4.8,1.2,2,1.6,3.4
"SELTCAWRS_t42_v1",5.6,1.2,2.2,1.6,1.8,1.4
"SELTCAWRS_t42_v2",6,5.6,5.6,6.4,5.6,6
"SELTCAWRS_t42_v3",5.8,2,1.4,1.6,1.4,2.2
"SELTCAWRS_t42_v4",6.8,6.6,6.2,6.8,6,6.4
"SELTCAWRS_t42_v5",5.2,5.8,4.4,5.8,5.8,5
"SELTCAWRS_t42_v6",5.8,1.6,2.4,1.4,2,1.6
"SELTCAWRS_t42_v7",6.2,6,5.6,6.2,6.2,6.2
"SELTCAWRS_t42_v8",6.4,1.2,1.4,1.6,1.2,1.8
"SELTCAWRS_t44_v1",5.4,1.6,3.8,1.6,1.2,2
"SELTCAWRS_t44_v2",5.8,5.4,6.4,6.2,5.8,6
"SELTCAWRS_t44_v3",6.4,1.2,1.6,1.4,1.2,1.8
"SELTCAWRS_t44_v4",6.4,6.4,6.4,6.4,5.8,5.8
"SELTCAWRS_t44_v5",4.8,4.6,6,5.2,5.2,4.6
"SELTCAWRS_t44_v6",6.4,1.6,1.8,1.8,1.8,1.4
"SELTCAWRS_t44_v7",6.6,6.6,6.6,6.6,6,6.6
"SELTCAWRS_t44_v8",6.4,1.2,1.2,1.2,1.2,1.2
"SELTCAWRS_t45_v1",5,1.6,2.2,2,2,2.6
"SELTCAWRS_t45_v2",6.4,5.2,5.8,6.4,5.6,6.2
"SELTCAWRS_t45_v3",6.2,1.4,1.4,1.6,1.2,1.8
"SELTCAWRS_t45_v4",6.2,6,6,6,6.2,5.6
"SELTCAWRS_t45_v5",5.6,5,5.2,5.6,5.6,5.2
"SELTCAWRS_t45_v6",6.4,1.2,2.4,1.4,1.4,1.8
"SELTCAWRS_t45_v7",6.2,6.2,5.8,6.4,6.2,6
"SELTCAWRS_t45_v8",6.2,1.8,1.2,1.4,1.2,1.8
"SELTCAWRS_t46_v1",5.6,1.8,2.8,1.6,2,2.6
"SELTCAWRS_t46_v3",5,2.4,1.2,2,1.2,2.6
"SELTCAWRS_t46_v4",5.2,5.2,4.4,5.6,5.6,5
"SELTCAWRS_t46_v5",5.6,4.8,5.4,5.8,5.6,5.6
"SELTCAWRS_t46_v6",5.8,2.4,1.6,2.2,1.8,2
"SELTCAWRS_t46_v7",5.8,6,5.8,5.8,6,5.6
"SELTCAWRS_t46_v8",6,1.8,1.2,1.8,1.2,1.8
"SELTCAWRS_t47_v1",4.8,1.8,2.4,1.6,2.6,3
"SELTCAWRS_t47_v2",5.8,5.8,6,5.6,6.2,5
"SELTCAWRS_t47_v3",6.2,1,1,1.6,1.2,2
"SELTCAWRS_t47_v4",6.2,6,6,6.2,6.6,5.6
"SELTCAWRS_t47_v5",6,6.2,5.6,6.2,6.2,6
"SELTCAWRS_t47_v6",5.8,1,2.2,1.4,1,1.8
"SELTCAWRS_t47_v7",6,5.75,4.75,5.75,6,6
"SELTCAWRS_t47_v8",6.6,1,1,1.2,1,1.6
"SELTCAWRS_t48_v1",4.6,1.6,2.8,2,2,2
"SELTCAWRS_t48_v2",5.8,4.8,5.8,5.8,5.4,6.2
"SELTCAWRS_t48_v3",5.6,1.4,1.8,1.6,2.2,2.4
"SELTCAWRS_t48_v4",5.6,6,5,6,4.8,5.4
"SELTCAWRS_t48_v5",5.2,5,4.4,5.4,5.2,5.4
"SELTCAWRS_t48_v6",5.2,1.6,3.6,1.8,1.6,2.2
"SELTCAWRS_t48_v7",5.4,6,5,6,5.8,5.4
"SELTCAWRS_t48_v8",5.6,1.6,2.2,1.8,2.4,2.6
"SELTCAWRS_t49_v1",4.8,1.8,2.6,1.6,2.4,2.6
"SELTCAWRS_t49_v2",5.2,4.8,4.8,6,5.4,4.8
"SELTCAWRS_t49_v3",5,2.2,1.4,1.4,1.4,3
"SELTCAWRS_t49_v4",4.6,5.6,6,5.8,5.2,5.2
"SELTCAWRS_t49_v5",4.4,4.4,4.8,5.6,4.6,4.6
"SELTCAWRS_t49_v6",4.6,3,2.4,1.8,3.4,3.2
"SELTCAWRS_t49_v7",5.4,6,6,6,5.4,5.8
"SELTCAWRS_t49_v8",4.8,3.6,1.2,1.4,1.2,2.2
"SELTCAWRS_t5_v1",6,1.2,2.8,1,1.4,1.6
"SELTCAWRS_t5_v2",6,5.2,5.2,6.2,4.8,5.4
"SELTCAWRS_t5_v3",5.75,2,2.75,1.25,2,2.25
"SELTCAWRS_t5_v4",6.2,6.4,4.2,6.2,5.6,6
"SELTCAWRS_t5_v5",6,5.6,5.2,6.2,5.6,5.2
"SELTCAWRS_t5_v6",6.4,1.2,1.2,1.2,1.2,1.6
"SELTCAWRS_t5_v7",6.6,6.6,5.6,6.6,5.8,6.6
"SELTCAWRS_t5_v8",6.6,1.2,1.4,1.2,1.2,1.2
"SELTCAWRS_t50_v5",3.6,2.8,4.6,4.8,4.6,4.2
"SELTCAWRS_t51_v1",5.25,2,3,2,3,2
"SELTCAWRS_t51_v2",6,5.2,5.8,6.4,5.6,6.2
"SELTCAWRS_t51_v3",5.8,1.4,1.4,1.6,2,2
"SELTCAWRS_t51_v4",5.8,6,4.4,6.2,5,5.2
"SELTCAWRS_t51_v5",5.8,5.4,5.6,6.4,5,5.8
"SELTCAWRS_t51_v6",6,1.6,3,1.2,1.4,1.2
"SELTCAWRS_t51_v7",6.4,6.2,5.8,6.4,5,6.2
"SELTCAWRS_t51_v8",6.4,1.2,1.4,1.4,1.4,1.6
"SELTCAWRS_t53_v1",4.8,2,3.8,2,2.6,3.8
"SELTCAWRS_t53_v2",4.4,3.4,4.4,5,3.4,4.2
"SELTCAWRS_t53_v3",4.8,3.8,3.6,2,3,3
"SELTCAWRS_t53_v4",5.4,5.8,4.6,6.2,4,5
"SELTCAWRS_t53_v5",5.4,4.6,4.8,6,4.8,5.2
"SELTCAWRS_t53_v6",5.75,1.25,2.75,1,1.5,2
"SELTCAWRS_t53_v7",5.4,5.8,5.8,6,4.8,5.8
"SELTCAWRS_t53_v8",5.6,3.4,3.2,1.8,2.6,1.8
"SELTCAWRS_t54_v5",3,3,2.8,4.6,4.8,3.2
"SELTCAWRS_t54_v8",3,4.6,2,3,2,4.4
"SELTCAWRS_t55_v1",4.6,2.2,3.4,1.8,2.4,2.8
"SELTCAWRS_t55_v2",5.6,4.8,5.6,6,5,5.4
"SELTCAWRS_t55_v3",5.4,2.4,1.8,1.8,2,2.2
"SELTCAWRS_t55_v4",5.4,5.8,4,5.8,5.4,6
"SELTCAWRS_t55_v5",5.2,4.6,3.6,5.8,5.2,5.4
"SELTCAWRS_t55_v6",5.6,2,3.2,1.6,2.6,2
"SELTCAWRS_t55_v7",5.4,6,4.6,5.8,5.2,5.8
"SELTCAWRS_t55_v8",5.4,2,2,1.6,1.8,1.8
"SELTCAWRS_t58_v2",5.4,4.8,5,6,5.8,5
"SELTCAWRS_t58_v3",5.4,1.8,1.8,1.8,1.4,2.6
"SELTCAWRS_t58_v4",5.6,5.8,4.6,6.2,6,5.6
"SELTCAWRS_t58_v5",5.8,4.8,5.4,5.8,5.6,5.8
"SELTCAWRS_t58_v6",6.2,1.2,2.4,1.2,1.8,1.4
"SELTCAWRS_t58_v7",6,5,5,5.4,5.2,4.8
"SELTCAWRS_t58_v8",6.2,1.2,1.2,1.4,1.2,1.8
"SELTCAWRS_t59_v1",5,1.6,3.4,1.8,3.4,2
"SELTCAWRS_t59_v2",6.2,5.4,6.4,6.4,6,5.6
"SELTCAWRS_t59_v3",6.6,1,1,1.2,1.2,2
"SELTCAWRS_t59_v4",6.6,6.6,5.4,6.6,6.6,6.6
"SELTCAWRS_t59_v5",5.8,5.8,6.4,6.6,5.8,5.2
"SELTCAWRS_t59_v6",6,1.6,2.4,1.2,2.2,1.4
"SELTCAWRS_t59_v7",6.4,6.4,6.4,6.6,6.4,6.4
"SELTCAWRS_t59_v8",6.2,1.4,1.2,2,1.2,1.6
"SELTCAWRS_t6_v7",4.6,5.4,3.6,4.6,5.2,4.6
"SELTCAWRS_t60_v1",2,4.8,2.8,5,4,6
"SELTCAWRS_t60_v2",1.6,1.8,5.4,3,4.2,3.8
"SELTCAWRS_t60_v3",1.6,3.4,1.2,5.6,1.4,3.4
"SELTCAWRS_t60_v4",2.2,3.6,5.4,3,5,3.2
"SELTCAWRS_t60_v5",2.8,2.4,4.8,3.2,4.4,3
"SELTCAWRS_t60_v6",2.2,4.4,2.4,3.4,4.6,5.8
"SELTCAWRS_t60_v7",2.6,3.8,5.2,3.6,4.4,3.4
"SELTCAWRS_t60_v8",2.2,4,1.4,5,1.8,5.2
"SELTCAWRS_t61_v2",6,4.8,6.4,6.4,5.6,6
"SELTCAWRS_t61_v3",6.2,2.4,1.2,1.4,1.2,2.2
"SELTCAWRS_t61_v4",6,6,6,6.4,5.4,6
"SELTCAWRS_t61_v5",5.2,4.8,4.8,6,5.8,5
"SELTCAWRS_t61_v6",6.25,1.75,1.5,1.25,2,1.25
"SELTCAWRS_t61_v7",6.2,5.8,6.4,6.2,6.4,6.4
"SELTCAWRS_t61_v8",6.4,1.6,1.2,1.2,1.2,1.4
"SELTCAWRS_t62_v1",3.6,2.8,3.8,2,3.6,4.2
"SELTCAWRS_t62_v2",5.4,4.4,5.4,6.2,4.8,5.6
"SELTCAWRS_t62_v3",4.8,2.8,1.8,1.4,1.4,2.6
"SELTCAWRS_t62_v4",5,5.4,5,6,5.4,5.4
"SELTCAWRS_t62_v5",5.4,4.6,5.8,5.6,5.4,5
"SELTCAWRS_t62_v6",4.4,2.8,2.4,1.6,2.8,3
"SELTCAWRS_t62_v7",5.4,6,5.4,5.6,5.4,5.2
"SELTCAWRS_t62_v8",5.2,1.8,1.4,2,1.4,3.4
"SELTCAWRS_t63_v1",3.8,2.6,3.4,2.8,2.8,3.4
"SELTCAWRS_t63_v2",5.4,4.6,5.2,5.8,6,5.4
"SELTCAWRS_t63_v3",4.8,2.6,2,2.8,1.8,2.6
"SELTCAWRS_t63_v4",4.4,5.2,3.8,4.6,6,4.6
"SELTCAWRS_t63_v5",3,3.25,2.25,2.75,6,3
"SELTCAWRS_t63_v6",4.4,2.8,3.4,2.2,3,2.8
"SELTCAWRS_t63_v7",5.4,5.8,4.8,6.2,6,5.4
"SELTCAWRS_t63_v8",5.2,2.6,1.8,2.4,1.6,3
"SELTCAWRS_t64_v1",4.8,1.8,3.6,1.6,2.2,2.2
"SELTCAWRS_t64_v2",4.4,5.6,3.4,4.8,6,4.2
"SELTCAWRS_t64_v3",5,2,2.2,1.8,2,2.2
"SELTCAWRS_t64_v4",4.6,5.6,4.4,5.6,5.8,5
"SELTCAWRS_t64_v5",4.6,5.4,3.4,5.6,6,4.6
"SELTCAWRS_t64_v6",5.4,1.4,2.4,1.4,1.2,2.8
"SELTCAWRS_t64_v7",4.6,5.8,4.6,5.4,5.6,5
"SELTCAWRS_t64_v8",4.6,1.4,2,1.8,1.6,2.6
"SELTCAWRS_t65_v1",5,2.2,1.8,1.8,2.8,2.2
"SELTCAWRS_t65_v2",5.4,4.4,5,5.8,5.4,4.2
"SELTCAWRS_t65_v3",5.4,2,1.2,1.6,1.2,2.8
"SELTCAWRS_t65_v4",6,6.2,5.2,6.2,6,6.2
"SELTCAWRS_t65_v5",5.8,5,5.4,6.2,5.6,5.8
"SELTCAWRS_t65_v6",5.8,2.4,1.6,1.4,2.4,1.6
"SELTCAWRS_t65_v7",6,6.2,6,6.6,6.2,6.2
"SELTCAWRS_t65_v8",6.2,1.8,1.2,1.4,1.2,1.8
"SELTCAWRS_t66_v1",4.6,2,2.8,1.8,2,2.8
"SELTCAWRS_t66_v2",5.8,5.2,6,6.2,5.8,5.2
"SELTCAWRS_t66_v3",6.4,1.6,1.2,1.6,1.4,1.8
"SELTCAWRS_t66_v4",5.8,6,5.2,5.8,6,6.4
"SELTCAWRS_t66_v5",6,5.4,6,6.2,6.2,6.2
"SELTCAWRS_t66_v6",5.8,2,2.6,1.2,2,1.2
"SELTCAWRS_t66_v7",6.6,6.4,6.2,6.6,6,6
"SELTCAWRS_t66_v8",6.6,1.4,1.2,1.4,1.2,1.8
"SELTCAWRS_t67_v2",5.8,4.6,5.6,6.2,5.8,5
"SELTCAWRS_t67_v3",6.2,1.6,1.2,1.4,1.2,1.8
"SELTCAWRS_t67_v4",6.4,6.4,6.4,6.6,6.4,6.2
"SELTCAWRS_t67_v5",6,5.6,5.2,6.4,6.2,5.6
"SELTCAWRS_t67_v6",6,1.2,2.8,1.2,1.4,1.6
"SELTCAWRS_t67_v7",5.75,6.5,5.5,6.5,6.25,5.75
"SELTCAWRS_t67_v8",6.4,1.2,1.2,1.2,1.2,1.8
"SELTCAWRS_t69_v2",5.75,5,5.5,6,5.5,5.75
"SELTCAWRS_t69_v3",6,1.4,1.4,1.2,2,2
"SELTCAWRS_t69_v4",5.8,6.2,5.6,6.2,5.8,5.4
"SELTCAWRS_t69_v5",5,4.8,5.2,5.6,5.6,4.4
"SELTCAWRS_t69_v6",6,1.2,2.4,1.2,1.8,1.2
"SELTCAWRS_t69_v7",6,6.4,5.2,6.4,5.8,5.8
"SELTCAWRS_t69_v8",5.8,1.6,1.2,1.4,1.4,2.2
"SELTCAWRS_t7_v1",4.4,2.2,3.4,2,3.2,3
"SELTCAWRS_t7_v2",4.2,4.2,3.2,4.4,5.4,3.8
"SELTCAWRS_t7_v3",4.2,1.4,2.4,4.2,1.4,2.8
"SELTCAWRS_t7_v4",4.6,4.8,4.2,4.4,6,4.8
"SELTCAWRS_t7_v5",5.4,5.4,4.6,5.2,5.8,5.4
"SELTCAWRS_t7_v6",3.2,3.4,4.6,3.4,3.8,4.2
"SELTCAWRS_t7_v7",3.8,3.6,3.4,3.8,6.2,3.4
"SELTCAWRS_t7_v8",5,2.2,1,2,1.4,2.8
"SELTCAWRS_t70_v2",5.4,4.6,5.2,6.2,6,5.6
"SELTCAWRS_t70_v3",5.6,1.8,1.6,1.4,1.4,2
"SELTCAWRS_t70_v6",5.6,1.4,4.4,1.4,1.4,2.2
"SELTCAWRS_t71_v1",5.8,1.8,2.4,1.6,2.4,1.6
"SELTCAWRS_t71_v2",6.4,5.2,6.4,6.4,6,5.6
"SELTCAWRS_t71_v3",6.8,1.4,1,1.4,1,1.2
"SELTCAWRS_t71_v4",6.4,6.2,6.4,6.4,6,6.2
"SELTCAWRS_t71_v5",6,5.2,5.6,5.8,5.6,5.4
"SELTCAWRS_t71_v6",6.2,1.2,1.4,1.4,1.8,1.4
"SELTCAWRS_t71_v7",6.8,6.4,6.6,6.6,6.4,6.2
"SELTCAWRS_t71_v8",6.6,1.4,1.2,1.4,1.2,1.4
"SELTCAWRS_t73_v1",4,1.8,3.8,2.4,3,3.6
"SELTCAWRS_t73_v2",4.6,4,4.4,5.8,5.2,4.2
"SELTCAWRS_t73_v3",5,1.8,1.8,1.8,1.8,3.2
"SELTCAWRS_t73_v4",5,5.8,4.6,5.4,5.8,4.2
"SELTCAWRS_t73_v5",4.2,4.4,4.8,5,4.8,3.8
"SELTCAWRS_t73_v6",3.4,2.6,3.2,2.6,3.2,3.6
"SELTCAWRS_t73_v7",3.8,5.4,4.8,5.6,4.8,4.2
"SELTCAWRS_t73_v8",5.4,2,2,1.8,1.8,2.6
"SELTCAWRS_t74_v1",3.8,2.2,2.2,3.4,3.6,2.8
"SELTCAWRS_t74_v2",5.6,5.6,5.2,6,6,5.6
"SELTCAWRS_t74_v3",4.2,1.6,1.2,4,1.2,2.8
"SELTCAWRS_t74_v4",5.8,6.4,6.2,5.8,6.2,5.6
"SELTCAWRS_t74_v5",6.2,5.8,6.2,6.4,6,6
"SELTCAWRS_t74_v6",5.6,1.6,2.8,1.8,1.8,2
"SELTCAWRS_t74_v7",6.6,6.6,6.6,6.6,6.6,6.8
"SELTCAWRS_t74_v8",6.2,1.4,1,1.4,1.2,1.8
"SELTCAWRS_t75_v1",5.8,1.4,3.6,1.4,1.6,1.8
"SELTCAWRS_t75_v2",5.8,5.8,6,6.2,6,5.6
"SELTCAWRS_t75_v3",5.6,1.4,1.4,2,1.2,2.8
"SELTCAWRS_t75_v4",5.6,5.6,5.8,6,6.2,5.8
"SELTCAWRS_t75_v5",4.8,4.8,4.4,5.4,5.2,4.2
"SELTCAWRS_t75_v6",5.8,1.6,3.8,1.8,2,2.4
"SELTCAWRS_t75_v7",5.6,5.8,5.8,6,5.8,4.8
"SELTCAWRS_t75_v8",6,1.66666666666667,1,1.66666666666667,1,2
"SELTCAWRS_t76_v1",3.6,3.6,4.2,3,4.2,3.4
"SELTCAWRS_t76_v2",4.2,2.8,4.6,5,4.8,3.2
"SELTCAWRS_t76_v3",4,4.25,1.5,2.5,2.25,4
"SELTCAWRS_t76_v4",4.6,5.2,4.6,4.6,4.6,3.8
"SELTCAWRS_t76_v5",4.6,3.8,4.2,5.4,4.8,4.4
"SELTCAWRS_t76_v6",4.4,3.2,3,2,4.2,2.6
"SELTCAWRS_t76_v7",5.2,5.4,5.6,5.4,5.4,5.4
"SELTCAWRS_t76_v8",5.6,2.8,1.4,2.2,1.4,2
"SELTCAWRS_t78_v1",3.75,3.25,2.75,2.25,3.75,3.75
"SELTCAWRS_t78_v2",5.2,4.2,4.2,5.2,5,4.8
"SELTCAWRS_t78_v3",5,3,2.4,1.8,3,2.8
"SELTCAWRS_t78_v4",5.8,5.8,5,6,5.2,5.6
"SELTCAWRS_t78_v5",5.4,4.6,5.2,6,5.2,5.2
"SELTCAWRS_t78_v6",5.6,2.4,3,1.8,3.2,2
"SELTCAWRS_t78_v7",6,6,5.25,6,5,5.75
"SELTCAWRS_t78_v8",5.8,2.2,1.4,2,1.4,2.2
"SELTCAWRS_t8_v1",6.4,1.4,1.6,1.2,1.4,1.6
"SELTCAWRS_t8_v2",6.2,6,6.6,6.8,5.8,6
"SELTCAWRS_t8_v3",6.8,1.2,1.2,1.2,1.2,1.2
"SELTCAWRS_t8_v4",6.8,6.6,6.6,6.6,6.6,6.4
"SELTCAWRS_t8_v5",6.8,6.2,6.8,6.8,6.2,6.8
"SELTCAWRS_t8_v6",6.8,1.2,1.2,1.2,1.8,1.2
"SELTCAWRS_t8_v7",6.8,6.8,6.8,6.8,6.8,6.8
"SELTCAWRS_t8_v8",7,1,1,1,1,1.4
"SELTCAWRS_t81_v1",4,1.8,4.4,1.8,3.4,3.2
"SELTCAWRS_t81_v2",5.4,5.6,5.4,5.8,5.8,5.8
"SELTCAWRS_t81_v3",4.8,1.8,2.8,2.4,2.6,3.6
"SELTCAWRS_t81_v4",4.2,5.2,5.2,4.6,4.4,4
"SELTCAWRS_t81_v5",4.8,5.2,4.8,5.6,5.2,5.2
"SELTCAWRS_t81_v6",5.4,1.6,2,2,2.8,2.8
"SELTCAWRS_t81_v7",6.2,6.4,6.2,6.6,6.2,6.8
"SELTCAWRS_t81_v8",6.4,1.6,1.4,1.4,1.4,1.6
"SELTCAWRS_t82_v1",3.6,2,4,2,2.8,3.8
"SELTCAWRS_t82_v2",3,3.8,3,4.6,3.8,3.2
"SELTCAWRS_t82_v3",4.6,2.8,3.2,1.6,2.2,3
"SELTCAWRS_t82_v6",4,3,3,2.25,2.5,2.75
"SELTCAWRS_t82_v7",3,4.4,3.8,4.2,3.8,3
"SELTCAWRS_t82_v8",4.2,3.2,3.8,2,3.2,3.6
"SELTCAWRS_t83_v1",4.8,1.6,3.2,1.2,3,2
"SELTCAWRS_t83_v2",5.6,5,6,5.8,5.6,5.2
"SELTCAWRS_t83_v4",5.8,6.2,5,6,5.8,5.4
"SELTCAWRS_t83_v5",5.6,5.6,5.4,6.4,6.2,5.6
"SELTCAWRS_t83_v6",4.2,3.2,4.2,1.8,3.4,3
"SELTCAWRS_t83_v7",5.2,5.8,5.2,5.8,6,5.4
"SELTCAWRS_t83_v8",5.8,1.6,1.2,1.4,1.2,2.2
"SELTCAWRS_t84_v1",4.5,2,4.5,2,2.25,3.75
"SELTCAWRS_t84_v2",4.8,4.2,3.8,6,5.4,4.2
"SELTCAWRS_t84_v3",4.2,3.4,3.8,2.4,2.2,4
"SELTCAWRS_t84_v4",3.6,5.4,2.6,3.4,5.8,3
"SELTCAWRS_t84_v5",4.2,4.4,3.4,5.2,5.8,4
"SELTCAWRS_t84_v6",4.2,2,5.8,1.8,2.6,3
"SELTCAWRS_t84_v7",5,5.8,2.8,5.4,6.2,4.8
"SELTCAWRS_t84_v8",4.2,2.8,2.6,2.4,1.6,4.2
"SELTCAWRS_t85_v4",5.2,5.6,5,4.4,5,4.2
"SELTCAWRS_t87_v1",5.6,1.6,3.2,1.8,2.6,2.4
"SELTCAWRS_t87_v2",6.2,5.6,6.2,6.4,6,6
"SELTCAWRS_t87_v3",6,1.4,1.2,1.4,1.2,2
"SELTCAWRS_t87_v4",6,6.4,6,6.4,6.2,6.2
"SELTCAWRS_t87_v5",4.75,5,4.25,5.25,5.25,4.25
"SELTCAWRS_t87_v6",6,1.2,2.6,1.4,2,1.6
"SELTCAWRS_t87_v7",6,5.8,5.8,6.8,6.2,6.6
"SELTCAWRS_t87_v8",6.6,1.2,1.2,1.2,1.2,1.6
"SELTCAWRS_t88_v1",6,2,2,2,2,2
"SELTCAWRS_t88_v5",6,7,7,6,7,6
"SELTCAWRS_t9_v1",5.8,1,2.8,1.2,1.2,1.6
"SELTCAWRS_t9_v2",5.4,5.6,5.4,5.4,6,4.8
"SELTCAWRS_t9_v3",6.2,1.2,1.2,1.6,1.4,2.2
"SELTCAWRS_t9_v4",5.8,5.8,4.6,6.2,5.6,5.6
"SELTCAWRS_t9_v5",4.2,4.4,3.2,4.6,5.6,3.2
"SELTCAWRS_t9_v6",6.4,1.2,1.6,1,1,1.4
"SELTCAWRS_t9_v7",6.6,6.6,5.2,6.4,6.6,6.6
"SELTCAWRS_t9_v8",6.6,1.2,1.2,1.2,1.2,1
"SELTCAWRS_t90_v1",5.2,1.8,3.6,1.8,2.6,2.6
"SELTCAWRS_t90_v2",5.6,4.4,5.6,6.2,5.8,5.2
"SELTCAWRS_t90_v3",5.6,1.8,1.6,1.6,1.6,2
"SELTCAWRS_t90_v4",6.2,6.2,6.2,6.2,6.2,6.2
"SELTCAWRS_t90_v5",5.4,5.6,5.4,6.6,5.8,5.6
"SELTCAWRS_t90_v6",5.8,1.4,2,1.6,2.4,2.2
"SELTCAWRS_t90_v7",6.8,6.6,6.6,6.8,6.2,6.8
"SELTCAWRS_t90_v8",6.2,1.4,1.2,1.6,1.2,2
"SELTCAWRS_t91_v1",5.4,1.4,3.2,1.4,1.6,1.6
"SELTCAWRS_t91_v2",5.4,5,5.6,6.4,5,5.6
"SELTCAWRS_t91_v3",5.8,1.6,1.2,1.4,2,2.8
"SELTCAWRS_t91_v4",4.8,5.6,5.4,6,4.8,5
"SELTCAWRS_t91_v5",5,4.2,6.4,6.4,4.2,5
"SELTCAWRS_t91_v6",5,2,2.8,1.2,2.4,2
"SELTCAWRS_t91_v7",5.8,6.2,6.2,6,5.2,6.2
"SELTCAWRS_t91_v8",6,1.4,1.2,1.4,2.8,1.8
"SELTCAWRS_t92_v1",4.2,2.2,2,1.8,3.2,4.4
"SELTCAWRS_t92_v2",5,3.8,6.2,5.6,5.2,5.8
"SELTCAWRS_t92_v3",3.6,2.8,1.2,2.4,1.8,2.8
"SELTCAWRS_t92_v4",5.2,5.8,6,5.6,5.4,5.4
"SELTCAWRS_t92_v5",5.4,5.2,6.2,5.8,6,5.6
"SELTCAWRS_t92_v6",4,2.6,1.6,1.8,3.2,4.2
"SELTCAWRS_t92_v7",5.2,6,6,6.2,5.2,6
"SELTCAWRS_t92_v8",4,1.8,1,2.2,2,3
"SELTCAWRS_t93_v1",5,1.8,2.6,1.8,2.6,2.6
"SELTCAWRS_t93_v2",5.6,4.4,5.4,6.6,4.8,5.4
"SELTCAWRS_t93_v3",5,2.75,1,2,1.5,3.5
"SELTCAWRS_t93_v4",4.4,5.4,5.2,5.6,4.6,4.4
"SELTCAWRS_t93_v5",4.4,4,5.2,5.2,4.4,4.4
"SELTCAWRS_t93_v6",5,1.4,2.2,1.6,2.2,1.8
"SELTCAWRS_t93_v7",4.8,5.2,4.4,5.4,5.6,4.8
"SELTCAWRS_t93_v8",5,3.6,2,1.6,2,2.8
"SELTCAWRS_t94_v1",4.6,1.6,3.2,2,2.6,3
"SELTCAWRS_t94_v2",5.5,5.25,5.75,6.5,6,5.5
"SELTCAWRS_t94_v3",5.6,1.4,1.2,1.8,1.4,2
"SELTCAWRS_t94_v4",5.6,6.2,5.6,5.8,6,5.2
"SELTCAWRS_t94_v5",5.8,5.6,5.6,6.2,6,5.4
"SELTCAWRS_t94_v6",5.6,1.2,2.6,1.4,1.4,2.4
"SELTCAWRS_t94_v7",5,6.2,6.6,5.2,5.8,6
"SELTCAWRS_t94_v8",6,1.4,1.2,2.2,1.2,2.6
"SELTCAWRS_t95_v1",6.2,1.4,2.6,1.2,1.4,1.2
"SELTCAWRS_t95_v2",6.2,5.2,6.4,6.6,5.8,5.6
"SELTCAWRS_t95_v3",6.2,1.2,1.2,1.2,1.2,1.6
"SELTCAWRS_t95_v4",6,6,6,6.2,5.8,5.8
"SELTCAWRS_t95_v5",5.4,6.2,5.4,5.4,6.4,5.4
"SELTCAWRS_t95_v6",5.8,2,1.8,1.2,2,1.8
"SELTCAWRS_t95_v7",5.8,6,6.4,6,6,6.2
"SELTCAWRS_t95_v8",6,1.2,1.2,1.8,1.2,2.6
"SELTCAWRS_t98_v1",4.2,2.4,3.8,2.2,3.2,2.6
"SELTCAWRS_t98_v2",4,3.4,4,5.2,4.4,3.8
"SELTCAWRS_t98_v3",3.4,3.6,4.2,2.8,2.8,3.8
"SELTCAWRS_t98_v4",3.75,5,3.25,4.75,5,3.75
"SELTCAWRS_t98_v5",3,3,2.2,4.6,4,2.8
"SELTCAWRS_t98_v6",3.4,2.6,3.8,2.4,3.2,3
"SELTCAWRS_t98_v7",3.8,5.2,2.8,4.2,4.4,4
"SELTCAWRS_t98_v8",3.4,4,3.8,2.4,2.2,4.4
"SELTCAWRS_t99_v1",4.2,2.2,4.2,1.6,2.8,2.6
"SELTCAWRS_t99_v3",5.4,2,2,1.6,1.6,2
"SELTCAWRS_t99_v4",5.4,6,5.2,6.2,5.2,5
"SELTCAWRS_t99_v5",5.4,5,5.4,6.4,5.2,5.8
"SELTCAWRS_t99_v6",5.6,1.6,3.6,1.4,1.4,1.8
"SELTCAWRS_t99_v7",5.4,5.4,4.6,5.8,5.8,5.6
"SELTCAWRS_t99_v8",5.6,1.6,1.8,1.6,1.4,2
